[0.015s] Invoking command in '/home/xtal/ros2_ws/build/cpp_pubsub': CMAKE_PREFIX_PATH=${CMAKE_PREFIX_PATH}:/home/xtal/ros2_ws/install/cv_ros_bridge_python:/opt/ros/jazzy /usr/bin/cmake /home/xtal/ros2_ws/src/cpp_pubsub -DAMENT_CMAKE_SYMLINK_INSTALL=1 -DCMAKE_INSTALL_PREFIX=/home/xtal/ros2_ws/install/cpp_pubsub
[0.130s] -- The C compiler identification is GNU 13.3.0
[0.224s] -- The CXX compiler identification is GNU 13.3.0
[0.245s] -- Detecting C compiler ABI info
[0.342s] -- Detecting C compiler ABI info - done
[0.350s] -- Check for working C compiler: /usr/bin/cc - skipped
[0.350s] -- Detecting C compile features
[0.351s] -- Detecting C compile features - done
[0.361s] -- Detecting CXX compiler ABI info
[0.459s] -- Detecting CXX compiler ABI info - done
[0.466s] -- Check for working CXX compiler: /usr/bin/c++ - skipped
[0.466s] -- Detecting CXX compile features
[0.466s] -- Detecting CXX compile features - done
[0.476s] -- Found ament_cmake: 2.5.4 (/opt/ros/jazzy/share/ament_cmake/cmake)
[0.619s] -- Found Python3: /usr/bin/python3 (found version "3.12.3") found components: Interpreter 
[0.685s] -- Override CMake install command with custom implementation using symlinks instead of copying resources
[0.750s] -- Found rclcpp: 28.1.11 (/opt/ros/jazzy/share/rclcpp/cmake)
[0.817s] -- Found rosidl_generator_c: 4.6.6 (/opt/ros/jazzy/share/rosidl_generator_c/cmake)
[0.837s] -- Found rosidl_generator_cpp: 4.6.6 (/opt/ros/jazzy/share/rosidl_generator_cpp/cmake)
[0.862s] -- Using all available rosidl_typesupport_c: rosidl_typesupport_fastrtps_c;rosidl_typesupport_introspection_c
[0.888s] -- Using all available rosidl_typesupport_cpp: rosidl_typesupport_fastrtps_cpp;rosidl_typesupport_introspection_cpp
[0.993s] -- Found rmw_implementation_cmake: 7.3.2 (/opt/ros/jazzy/share/rmw_implementation_cmake/cmake)
[0.999s] -- Found rmw_fastrtps_cpp: 8.4.3 (/opt/ros/jazzy/share/rmw_fastrtps_cpp/cmake)
[1.118s] -- Found OpenSSL: /usr/lib/x86_64-linux-gnu/libcrypto.so (found version "3.0.13")  
[1.142s] -- Found FastRTPS: /opt/ros/jazzy/include (Required is at least version "2.13") 
[1.166s] -- Using RMW implementation 'rmw_fastrtps_cpp' as default
[1.264s] -- Found std_msgs: 5.3.6 (/opt/ros/jazzy/share/std_msgs/cmake)
[1.280s] -- Found ament_lint_auto: 0.17.3 (/opt/ros/jazzy/share/ament_lint_auto/cmake)
[1.395s] -- Added test 'cppcheck' to perform static code analysis on C / C++ code
[1.395s] -- Configured cppcheck include dirs: 
[1.395s] -- Configured cppcheck exclude dirs and/or files: 
[1.396s] -- Added test 'lint_cmake' to check CMake code style
[1.397s] -- Added test 'uncrustify' to check C / C++ code style
[1.398s] -- Configured uncrustify additional arguments: 
[1.398s] -- Added test 'xmllint' to check XML markup files
[1.401s] -- Configuring done (1.4s)
[1.414s] -- Generating done (0.0s)
[1.417s] -- Build files have been written to: /home/xtal/ros2_ws/build/cpp_pubsub
[1.442s] Invoked command in '/home/xtal/ros2_ws/build/cpp_pubsub' returned '0': CMAKE_PREFIX_PATH=${CMAKE_PREFIX_PATH}:/home/xtal/ros2_ws/install/cv_ros_bridge_python:/opt/ros/jazzy /usr/bin/cmake /home/xtal/ros2_ws/src/cpp_pubsub -DAMENT_CMAKE_SYMLINK_INSTALL=1 -DCMAKE_INSTALL_PREFIX=/home/xtal/ros2_ws/install/cpp_pubsub
[1.443s] Invoking command in '/home/xtal/ros2_ws/build/cpp_pubsub': CMAKE_PREFIX_PATH=${CMAKE_PREFIX_PATH}:/home/xtal/ros2_ws/install/cv_ros_bridge_python:/opt/ros/jazzy /usr/bin/cmake --build /home/xtal/ros2_ws/build/cpp_pubsub -- -j16 -l16
[1.502s] [ 50%] [32mBuilding CXX object CMakeFiles/listener.dir/src/sub_template.cpp.o[0m
[1.502s] [ 50%] [32mBuilding CXX object CMakeFiles/talker.dir/src/pub_template.cpp.o[0m
[4.949s] [ 75%] [32m[1mLinking CXX executable talker[0m
[5.093s] [ 75%] Built target talker
[7.253s] [100%] [32m[1mLinking CXX executable listener[0m
[7.447s] [100%] Built target listener
[7.458s] Invoked command in '/home/xtal/ros2_ws/build/cpp_pubsub' returned '0': CMAKE_PREFIX_PATH=${CMAKE_PREFIX_PATH}:/home/xtal/ros2_ws/install/cv_ros_bridge_python:/opt/ros/jazzy /usr/bin/cmake --build /home/xtal/ros2_ws/build/cpp_pubsub -- -j16 -l16
[7.459s] Invoking command in '/home/xtal/ros2_ws/build/cpp_pubsub': CMAKE_PREFIX_PATH=${CMAKE_PREFIX_PATH}:/home/xtal/ros2_ws/install/cv_ros_bridge_python:/opt/ros/jazzy /usr/bin/cmake --install /home/xtal/ros2_ws/build/cpp_pubsub
[7.466s] -- Install configuration: ""
[7.466s] -- Execute custom install script
[7.467s] -- Symlinking: /home/xtal/ros2_ws/install/cpp_pubsub/lib/cpp_pubsub/talker
[7.475s] -- Symlinking: /home/xtal/ros2_ws/install/cpp_pubsub/lib/cpp_pubsub/listener
[7.484s] -- Symlinking: /home/xtal/ros2_ws/install/cpp_pubsub/share/ament_index/resource_index/package_run_dependencies/cpp_pubsub
[7.492s] -- Symlinking: /home/xtal/ros2_ws/install/cpp_pubsub/share/ament_index/resource_index/parent_prefix_path/cpp_pubsub
[7.501s] -- Symlinking: /home/xtal/ros2_ws/install/cpp_pubsub/share/cpp_pubsub/environment/ament_prefix_path.sh
[7.509s] -- Symlinking: /home/xtal/ros2_ws/install/cpp_pubsub/share/cpp_pubsub/environment/ament_prefix_path.dsv
[7.518s] -- Symlinking: /home/xtal/ros2_ws/install/cpp_pubsub/share/cpp_pubsub/environment/path.sh
[7.528s] -- Symlinking: /home/xtal/ros2_ws/install/cpp_pubsub/share/cpp_pubsub/environment/path.dsv
[7.538s] -- Symlinking: /home/xtal/ros2_ws/install/cpp_pubsub/share/cpp_pubsub/local_setup.bash
[7.547s] -- Symlinking: /home/xtal/ros2_ws/install/cpp_pubsub/share/cpp_pubsub/local_setup.sh
[7.555s] -- Symlinking: /home/xtal/ros2_ws/install/cpp_pubsub/share/cpp_pubsub/local_setup.zsh
[7.564s] -- Symlinking: /home/xtal/ros2_ws/install/cpp_pubsub/share/cpp_pubsub/local_setup.dsv
[7.573s] -- Symlinking: /home/xtal/ros2_ws/install/cpp_pubsub/share/cpp_pubsub/package.dsv
[7.581s] -- Symlinking: /home/xtal/ros2_ws/install/cpp_pubsub/share/ament_index/resource_index/packages/cpp_pubsub
[7.589s] -- Symlinking: /home/xtal/ros2_ws/install/cpp_pubsub/share/cpp_pubsub/cmake/cpp_pubsubConfig.cmake
[7.597s] -- Symlinking: /home/xtal/ros2_ws/install/cpp_pubsub/share/cpp_pubsub/cmake/cpp_pubsubConfig-version.cmake
[7.605s] -- Symlinking: /home/xtal/ros2_ws/install/cpp_pubsub/share/cpp_pubsub/package.xml
[7.616s] Invoked command in '/home/xtal/ros2_ws/build/cpp_pubsub' returned '0': CMAKE_PREFIX_PATH=${CMAKE_PREFIX_PATH}:/home/xtal/ros2_ws/install/cv_ros_bridge_python:/opt/ros/jazzy /usr/bin/cmake --install /home/xtal/ros2_ws/build/cpp_pubsub
