[0.084s] DEBUG:colcon:Command line arguments: ['/usr/bin/colcon', 'build', '--symlink-install']
[0.084s] DEBUG:colcon:Parsed command line arguments: Namespace(log_base=None, log_level=None, verb_name='build', build_base='build', install_base='install', merge_install=False, symlink_install=True, test_result_base=None, continue_on_error=False, executor='parallel', parallel_workers=16, event_handlers=None, ignore_user_meta=False, metas=['./colcon.meta'], base_paths=['.'], packages_ignore=None, packages_ignore_regex=None, paths=None, packages_up_to=None, packages_up_to_regex=None, packages_above=None, packages_above_and_dependencies=None, packages_above_depth=None, packages_select_by_dep=None, packages_skip_by_dep=None, packages_skip_up_to=None, packages_select_build_failed=False, packages_skip_build_finished=False, packages_select_test_failures=False, packages_skip_test_passed=False, packages_select=None, packages_skip=None, packages_select_regex=None, packages_skip_regex=None, packages_start=None, packages_end=None, allow_overriding=[], cmake_args=None, cmake_target=None, cmake_target_skip_unavailable=False, cmake_clean_cache=False, cmake_clean_first=False, cmake_force_configure=False, ament_cmake_args=None, catkin_cmake_args=None, catkin_skip_building_tests=False, mixin_files=None, mixin=None, verb_parser=<colcon_mixin.mixin.mixin_argument.MixinArgumentDecorator object at 0x7e9cb19c8da0>, verb_extension=<colcon_core.verb.build.BuildVerb object at 0x7e9cb19c89e0>, main=<bound method BuildVerb.main of <colcon_core.verb.build.BuildVerb object at 0x7e9cb19c89e0>>, mixin_verb=('build',))
[0.114s] Level 1:colcon.colcon_core.package_discovery:discover_packages(colcon_meta) check parameters
[0.114s] Level 1:colcon.colcon_core.package_discovery:discover_packages(recursive) check parameters
[0.114s] Level 1:colcon.colcon_core.package_discovery:discover_packages(ignore) check parameters
[0.114s] Level 1:colcon.colcon_core.package_discovery:discover_packages(path) check parameters
[0.114s] Level 1:colcon.colcon_core.package_discovery:discover_packages(colcon_meta) discover
[0.114s] Level 1:colcon.colcon_core.package_discovery:discover_packages(recursive) discover
[0.114s] INFO:colcon.colcon_core.package_discovery:Crawling recursively for packages in '/home/xtal/ros2_ws'
[0.115s] Level 1:colcon.colcon_core.package_identification:_identify(.) by extensions ['ignore', 'ignore_ament_install']
[0.115s] Level 1:colcon.colcon_core.package_identification:_identify(.) by extension 'ignore'
[0.115s] Level 1:colcon.colcon_core.package_identification:_identify(.) by extension 'ignore_ament_install'
[0.115s] Level 1:colcon.colcon_core.package_identification:_identify(.) by extensions ['colcon_pkg']
[0.115s] Level 1:colcon.colcon_core.package_identification:_identify(.) by extension 'colcon_pkg'
[0.115s] Level 1:colcon.colcon_core.package_identification:_identify(.) by extensions ['colcon_meta']
[0.115s] Level 1:colcon.colcon_core.package_identification:_identify(.) by extension 'colcon_meta'
[0.115s] Level 1:colcon.colcon_core.package_identification:_identify(.) by extensions ['ros']
[0.115s] Level 1:colcon.colcon_core.package_identification:_identify(.) by extension 'ros'
[0.134s] Level 1:colcon.colcon_core.package_identification:_identify(.) by extensions ['cmake', 'python']
[0.134s] Level 1:colcon.colcon_core.package_identification:_identify(.) by extension 'cmake'
[0.134s] Level 1:colcon.colcon_core.package_identification:_identify(.) by extension 'python'
[0.134s] Level 1:colcon.colcon_core.package_identification:_identify(.) by extensions ['python_setup_py']
[0.134s] Level 1:colcon.colcon_core.package_identification:_identify(.) by extension 'python_setup_py'
[0.134s] Level 1:colcon.colcon_core.package_identification:_identify(build) by extensions ['ignore', 'ignore_ament_install']
[0.134s] Level 1:colcon.colcon_core.package_identification:_identify(build) by extension 'ignore'
[0.134s] Level 1:colcon.colcon_core.package_identification:_identify(build) ignored
[0.134s] Level 1:colcon.colcon_core.package_identification:_identify(install) by extensions ['ignore', 'ignore_ament_install']
[0.134s] Level 1:colcon.colcon_core.package_identification:_identify(install) by extension 'ignore'
[0.134s] Level 1:colcon.colcon_core.package_identification:_identify(install) ignored
[0.134s] Level 1:colcon.colcon_core.package_identification:_identify(log) by extensions ['ignore', 'ignore_ament_install']
[0.134s] Level 1:colcon.colcon_core.package_identification:_identify(log) by extension 'ignore'
[0.134s] Level 1:colcon.colcon_core.package_identification:_identify(log) ignored
[0.134s] Level 1:colcon.colcon_core.package_identification:_identify(src) by extensions ['ignore', 'ignore_ament_install']
[0.134s] Level 1:colcon.colcon_core.package_identification:_identify(src) by extension 'ignore'
[0.134s] Level 1:colcon.colcon_core.package_identification:_identify(src) by extension 'ignore_ament_install'
[0.135s] Level 1:colcon.colcon_core.package_identification:_identify(src) by extensions ['colcon_pkg']
[0.135s] Level 1:colcon.colcon_core.package_identification:_identify(src) by extension 'colcon_pkg'
[0.135s] Level 1:colcon.colcon_core.package_identification:_identify(src) by extensions ['colcon_meta']
[0.135s] Level 1:colcon.colcon_core.package_identification:_identify(src) by extension 'colcon_meta'
[0.135s] Level 1:colcon.colcon_core.package_identification:_identify(src) by extensions ['ros']
[0.135s] Level 1:colcon.colcon_core.package_identification:_identify(src) by extension 'ros'
[0.135s] Level 1:colcon.colcon_core.package_identification:_identify(src) by extensions ['cmake', 'python']
[0.135s] Level 1:colcon.colcon_core.package_identification:_identify(src) by extension 'cmake'
[0.135s] Level 1:colcon.colcon_core.package_identification:_identify(src) by extension 'python'
[0.135s] Level 1:colcon.colcon_core.package_identification:_identify(src) by extensions ['python_setup_py']
[0.135s] Level 1:colcon.colcon_core.package_identification:_identify(src) by extension 'python_setup_py'
[0.135s] Level 1:colcon.colcon_core.package_identification:_identify(src/cpp_pubsub) by extensions ['ignore', 'ignore_ament_install']
[0.135s] Level 1:colcon.colcon_core.package_identification:_identify(src/cpp_pubsub) by extension 'ignore'
[0.135s] Level 1:colcon.colcon_core.package_identification:_identify(src/cpp_pubsub) by extension 'ignore_ament_install'
[0.135s] Level 1:colcon.colcon_core.package_identification:_identify(src/cpp_pubsub) by extensions ['colcon_pkg']
[0.135s] Level 1:colcon.colcon_core.package_identification:_identify(src/cpp_pubsub) by extension 'colcon_pkg'
[0.135s] Level 1:colcon.colcon_core.package_identification:_identify(src/cpp_pubsub) by extensions ['colcon_meta']
[0.135s] Level 1:colcon.colcon_core.package_identification:_identify(src/cpp_pubsub) by extension 'colcon_meta'
[0.135s] Level 1:colcon.colcon_core.package_identification:_identify(src/cpp_pubsub) by extensions ['ros']
[0.135s] Level 1:colcon.colcon_core.package_identification:_identify(src/cpp_pubsub) by extension 'ros'
[0.137s] DEBUG:colcon.colcon_core.package_identification:Package 'src/cpp_pubsub' with type 'ros.ament_cmake' and name 'cpp_pubsub'
[0.137s] Level 1:colcon.colcon_core.package_identification:_identify(src/cv_ros_bridge_cpp) by extensions ['ignore', 'ignore_ament_install']
[0.137s] Level 1:colcon.colcon_core.package_identification:_identify(src/cv_ros_bridge_cpp) by extension 'ignore'
[0.137s] Level 1:colcon.colcon_core.package_identification:_identify(src/cv_ros_bridge_cpp) by extension 'ignore_ament_install'
[0.137s] Level 1:colcon.colcon_core.package_identification:_identify(src/cv_ros_bridge_cpp) by extensions ['colcon_pkg']
[0.137s] Level 1:colcon.colcon_core.package_identification:_identify(src/cv_ros_bridge_cpp) by extension 'colcon_pkg'
[0.137s] Level 1:colcon.colcon_core.package_identification:_identify(src/cv_ros_bridge_cpp) by extensions ['colcon_meta']
[0.137s] Level 1:colcon.colcon_core.package_identification:_identify(src/cv_ros_bridge_cpp) by extension 'colcon_meta'
[0.137s] Level 1:colcon.colcon_core.package_identification:_identify(src/cv_ros_bridge_cpp) by extensions ['ros']
[0.137s] Level 1:colcon.colcon_core.package_identification:_identify(src/cv_ros_bridge_cpp) by extension 'ros'
[0.138s] DEBUG:colcon.colcon_core.package_identification:Package 'src/cv_ros_bridge_cpp' with type 'ros.ament_cmake' and name 'cv_ros_bridge_cpp'
[0.138s] Level 1:colcon.colcon_core.package_identification:_identify(src/cv_ros_bridge_python) by extensions ['ignore', 'ignore_ament_install']
[0.138s] Level 1:colcon.colcon_core.package_identification:_identify(src/cv_ros_bridge_python) by extension 'ignore'
[0.138s] Level 1:colcon.colcon_core.package_identification:_identify(src/cv_ros_bridge_python) by extension 'ignore_ament_install'
[0.138s] Level 1:colcon.colcon_core.package_identification:_identify(src/cv_ros_bridge_python) by extensions ['colcon_pkg']
[0.138s] Level 1:colcon.colcon_core.package_identification:_identify(src/cv_ros_bridge_python) by extension 'colcon_pkg'
[0.138s] Level 1:colcon.colcon_core.package_identification:_identify(src/cv_ros_bridge_python) by extensions ['colcon_meta']
[0.138s] Level 1:colcon.colcon_core.package_identification:_identify(src/cv_ros_bridge_python) by extension 'colcon_meta'
[0.138s] Level 1:colcon.colcon_core.package_identification:_identify(src/cv_ros_bridge_python) by extensions ['ros']
[0.138s] Level 1:colcon.colcon_core.package_identification:_identify(src/cv_ros_bridge_python) by extension 'ros'
[0.139s] DEBUG:colcon.colcon_core.package_identification:Package 'src/cv_ros_bridge_python' with type 'ros.ament_python' and name 'cv_ros_bridge_python'
[0.139s] Level 1:colcon.colcon_core.package_discovery:discover_packages(recursive) using defaults
[0.139s] Level 1:colcon.colcon_core.package_discovery:discover_packages(ignore) discover
[0.139s] Level 1:colcon.colcon_core.package_discovery:discover_packages(ignore) using defaults
[0.139s] Level 1:colcon.colcon_core.package_discovery:discover_packages(path) discover
[0.139s] Level 1:colcon.colcon_core.package_discovery:discover_packages(path) using defaults
[0.152s] Level 1:colcon.colcon_core.package_discovery:discover_packages(prefix_path) check parameters
[0.152s] Level 1:colcon.colcon_core.package_discovery:discover_packages(prefix_path) discover
[0.153s] DEBUG:colcon.colcon_installed_package_information.package_discovery:Found 3 installed packages in /home/xtal/ros2_ws/install
[0.155s] DEBUG:colcon.colcon_installed_package_information.package_discovery:Found 380 installed packages in /opt/ros/jazzy
[0.156s] Level 1:colcon.colcon_core.package_discovery:discover_packages(prefix_path) using defaults
[0.196s] Level 5:colcon.colcon_core.verb:set package 'cpp_pubsub' build argument 'cmake_args' from command line to 'None'
[0.196s] Level 5:colcon.colcon_core.verb:set package 'cpp_pubsub' build argument 'cmake_target' from command line to 'None'
[0.196s] Level 5:colcon.colcon_core.verb:set package 'cpp_pubsub' build argument 'cmake_target_skip_unavailable' from command line to 'False'
[0.196s] Level 5:colcon.colcon_core.verb:set package 'cpp_pubsub' build argument 'cmake_clean_cache' from command line to 'False'
[0.196s] Level 5:colcon.colcon_core.verb:set package 'cpp_pubsub' build argument 'cmake_clean_first' from command line to 'False'
[0.196s] Level 5:colcon.colcon_core.verb:set package 'cpp_pubsub' build argument 'cmake_force_configure' from command line to 'False'
[0.196s] Level 5:colcon.colcon_core.verb:set package 'cpp_pubsub' build argument 'ament_cmake_args' from command line to 'None'
[0.196s] Level 5:colcon.colcon_core.verb:set package 'cpp_pubsub' build argument 'catkin_cmake_args' from command line to 'None'
[0.196s] Level 5:colcon.colcon_core.verb:set package 'cpp_pubsub' build argument 'catkin_skip_building_tests' from command line to 'False'
[0.196s] DEBUG:colcon.colcon_core.verb:Building package 'cpp_pubsub' with the following arguments: {'ament_cmake_args': None, 'build_base': '/home/xtal/ros2_ws/build/cpp_pubsub', 'catkin_cmake_args': None, 'catkin_skip_building_tests': False, 'cmake_args': None, 'cmake_clean_cache': False, 'cmake_clean_first': False, 'cmake_force_configure': False, 'cmake_target': None, 'cmake_target_skip_unavailable': False, 'install_base': '/home/xtal/ros2_ws/install/cpp_pubsub', 'merge_install': False, 'path': '/home/xtal/ros2_ws/src/cpp_pubsub', 'symlink_install': True, 'test_result_base': None}
[0.196s] Level 5:colcon.colcon_core.verb:set package 'cv_ros_bridge_cpp' build argument 'cmake_args' from command line to 'None'
[0.196s] Level 5:colcon.colcon_core.verb:set package 'cv_ros_bridge_cpp' build argument 'cmake_target' from command line to 'None'
[0.196s] Level 5:colcon.colcon_core.verb:set package 'cv_ros_bridge_cpp' build argument 'cmake_target_skip_unavailable' from command line to 'False'
[0.196s] Level 5:colcon.colcon_core.verb:set package 'cv_ros_bridge_cpp' build argument 'cmake_clean_cache' from command line to 'False'
[0.196s] Level 5:colcon.colcon_core.verb:set package 'cv_ros_bridge_cpp' build argument 'cmake_clean_first' from command line to 'False'
[0.196s] Level 5:colcon.colcon_core.verb:set package 'cv_ros_bridge_cpp' build argument 'cmake_force_configure' from command line to 'False'
[0.196s] Level 5:colcon.colcon_core.verb:set package 'cv_ros_bridge_cpp' build argument 'ament_cmake_args' from command line to 'None'
[0.196s] Level 5:colcon.colcon_core.verb:set package 'cv_ros_bridge_cpp' build argument 'catkin_cmake_args' from command line to 'None'
[0.196s] Level 5:colcon.colcon_core.verb:set package 'cv_ros_bridge_cpp' build argument 'catkin_skip_building_tests' from command line to 'False'
[0.196s] DEBUG:colcon.colcon_core.verb:Building package 'cv_ros_bridge_cpp' with the following arguments: {'ament_cmake_args': None, 'build_base': '/home/xtal/ros2_ws/build/cv_ros_bridge_cpp', 'catkin_cmake_args': None, 'catkin_skip_building_tests': False, 'cmake_args': None, 'cmake_clean_cache': False, 'cmake_clean_first': False, 'cmake_force_configure': False, 'cmake_target': None, 'cmake_target_skip_unavailable': False, 'install_base': '/home/xtal/ros2_ws/install/cv_ros_bridge_cpp', 'merge_install': False, 'path': '/home/xtal/ros2_ws/src/cv_ros_bridge_cpp', 'symlink_install': True, 'test_result_base': None}
[0.196s] Level 5:colcon.colcon_core.verb:set package 'cv_ros_bridge_python' build argument 'cmake_args' from command line to 'None'
[0.196s] Level 5:colcon.colcon_core.verb:set package 'cv_ros_bridge_python' build argument 'cmake_target' from command line to 'None'
[0.196s] Level 5:colcon.colcon_core.verb:set package 'cv_ros_bridge_python' build argument 'cmake_target_skip_unavailable' from command line to 'False'
[0.196s] Level 5:colcon.colcon_core.verb:set package 'cv_ros_bridge_python' build argument 'cmake_clean_cache' from command line to 'False'
[0.196s] Level 5:colcon.colcon_core.verb:set package 'cv_ros_bridge_python' build argument 'cmake_clean_first' from command line to 'False'
[0.196s] Level 5:colcon.colcon_core.verb:set package 'cv_ros_bridge_python' build argument 'cmake_force_configure' from command line to 'False'
[0.196s] Level 5:colcon.colcon_core.verb:set package 'cv_ros_bridge_python' build argument 'ament_cmake_args' from command line to 'None'
[0.196s] Level 5:colcon.colcon_core.verb:set package 'cv_ros_bridge_python' build argument 'catkin_cmake_args' from command line to 'None'
[0.196s] Level 5:colcon.colcon_core.verb:set package 'cv_ros_bridge_python' build argument 'catkin_skip_building_tests' from command line to 'False'
[0.196s] DEBUG:colcon.colcon_core.verb:Building package 'cv_ros_bridge_python' with the following arguments: {'ament_cmake_args': None, 'build_base': '/home/xtal/ros2_ws/build/cv_ros_bridge_python', 'catkin_cmake_args': None, 'catkin_skip_building_tests': False, 'cmake_args': None, 'cmake_clean_cache': False, 'cmake_clean_first': False, 'cmake_force_configure': False, 'cmake_target': None, 'cmake_target_skip_unavailable': False, 'install_base': '/home/xtal/ros2_ws/install/cv_ros_bridge_python', 'merge_install': False, 'path': '/home/xtal/ros2_ws/src/cv_ros_bridge_python', 'symlink_install': True, 'test_result_base': None}
[0.196s] INFO:colcon.colcon_core.executor:Executing jobs using 'parallel' executor
[0.197s] DEBUG:colcon.colcon_parallel_executor.executor.parallel:run_until_complete
[0.197s] INFO:colcon.colcon_ros.task.ament_cmake.build:Building ROS package in '/home/xtal/ros2_ws/src/cpp_pubsub' with build type 'ament_cmake'
[0.197s] INFO:colcon.colcon_cmake.task.cmake.build:Building CMake package in '/home/xtal/ros2_ws/src/cpp_pubsub'
[0.199s] INFO:colcon.colcon_core.plugin_system:Skipping extension 'colcon_core.shell.bat': Not used on non-Windows systems
[0.199s] INFO:colcon.colcon_core.shell:Skip shell extension 'powershell' for command environment: Not usable outside of PowerShell
[0.199s] DEBUG:colcon.colcon_core.shell:Skip shell extension 'dsv' for command environment
[0.203s] INFO:colcon.colcon_ros.task.ament_cmake.build:Building ROS package in '/home/xtal/ros2_ws/src/cv_ros_bridge_cpp' with build type 'ament_cmake'
[0.203s] INFO:colcon.colcon_cmake.task.cmake.build:Building CMake package in '/home/xtal/ros2_ws/src/cv_ros_bridge_cpp'
[0.203s] INFO:colcon.colcon_core.shell:Skip shell extension 'powershell' for command environment: Not usable outside of PowerShell
[0.203s] DEBUG:colcon.colcon_core.shell:Skip shell extension 'dsv' for command environment
[0.206s] INFO:colcon.colcon_ros.task.ament_python.build:Building ROS package in '/home/xtal/ros2_ws/src/cv_ros_bridge_python' with build type 'ament_python'
[0.206s] Level 1:colcon.colcon_core.shell:create_environment_hook('cv_ros_bridge_python', 'ament_prefix_path')
[0.206s] INFO:colcon.colcon_core.shell:Creating environment hook '/home/xtal/ros2_ws/install/cv_ros_bridge_python/share/cv_ros_bridge_python/hook/ament_prefix_path.ps1'
[0.207s] INFO:colcon.colcon_core.shell:Creating environment descriptor '/home/xtal/ros2_ws/install/cv_ros_bridge_python/share/cv_ros_bridge_python/hook/ament_prefix_path.dsv'
[0.207s] INFO:colcon.colcon_core.shell:Creating environment hook '/home/xtal/ros2_ws/install/cv_ros_bridge_python/share/cv_ros_bridge_python/hook/ament_prefix_path.sh'
[0.208s] INFO:colcon.colcon_core.shell:Skip shell extension 'powershell' for command environment: Not usable outside of PowerShell
[0.208s] DEBUG:colcon.colcon_core.shell:Skip shell extension 'dsv' for command environment
[0.215s] DEBUG:colcon.colcon_core.event_handler.log_command:Invoking command in '/home/xtal/ros2_ws/build/cpp_pubsub': CMAKE_PREFIX_PATH=${CMAKE_PREFIX_PATH}:/home/xtal/ros2_ws/install/cv_ros_bridge_python:/opt/ros/jazzy /usr/bin/cmake --build /home/xtal/ros2_ws/build/cpp_pubsub -- -j16 -l16
[0.216s] DEBUG:colcon.colcon_core.event_handler.log_command:Invoking command in '/home/xtal/ros2_ws/build/cv_ros_bridge_cpp': CMAKE_PREFIX_PATH=${CMAKE_PREFIX_PATH}:/home/xtal/ros2_ws/install/cv_ros_bridge_python:/opt/ros/jazzy /usr/bin/cmake --build /home/xtal/ros2_ws/build/cv_ros_bridge_cpp -- -j16 -l16
[0.405s] INFO:colcon.colcon_core.task.python.build:Building Python package in '/home/xtal/ros2_ws/src/cv_ros_bridge_python'
[0.406s] INFO:colcon.colcon_core.shell:Skip shell extension 'powershell' for command environment: Not usable outside of PowerShell
[0.406s] DEBUG:colcon.colcon_core.shell:Skip shell extension 'dsv' for command environment
[0.410s] DEBUG:colcon.colcon_core.event_handler.log_command:Invoked command in '/home/xtal/ros2_ws/build/cv_ros_bridge_cpp' returned '0': CMAKE_PREFIX_PATH=${CMAKE_PREFIX_PATH}:/home/xtal/ros2_ws/install/cv_ros_bridge_python:/opt/ros/jazzy /usr/bin/cmake --build /home/xtal/ros2_ws/build/cv_ros_bridge_cpp -- -j16 -l16
[0.423s] DEBUG:colcon.colcon_core.event_handler.log_command:Invoking command in '/home/xtal/ros2_ws/build/cv_ros_bridge_cpp': CMAKE_PREFIX_PATH=${CMAKE_PREFIX_PATH}:/home/xtal/ros2_ws/install/cv_ros_bridge_python:/opt/ros/jazzy /usr/bin/cmake --install /home/xtal/ros2_ws/build/cv_ros_bridge_cpp
[0.424s] DEBUG:colcon.colcon_core.event_handler.log_command:Invoked command in '/home/xtal/ros2_ws/build/cpp_pubsub' returned '0': CMAKE_PREFIX_PATH=${CMAKE_PREFIX_PATH}:/home/xtal/ros2_ws/install/cv_ros_bridge_python:/opt/ros/jazzy /usr/bin/cmake --build /home/xtal/ros2_ws/build/cpp_pubsub -- -j16 -l16
[0.424s] DEBUG:colcon.colcon_core.event_handler.log_command:Invoking command in '/home/xtal/ros2_ws/build/cpp_pubsub': CMAKE_PREFIX_PATH=${CMAKE_PREFIX_PATH}:/home/xtal/ros2_ws/install/cv_ros_bridge_python:/opt/ros/jazzy /usr/bin/cmake --install /home/xtal/ros2_ws/build/cpp_pubsub
[0.446s] Level 1:colcon.colcon_core.environment:create_environment_scripts_only(cpp_pubsub)
[0.448s] DEBUG:colcon.colcon_core.event_handler.log_command:Invoked command in '/home/xtal/ros2_ws/build/cpp_pubsub' returned '0': CMAKE_PREFIX_PATH=${CMAKE_PREFIX_PATH}:/home/xtal/ros2_ws/install/cv_ros_bridge_python:/opt/ros/jazzy /usr/bin/cmake --install /home/xtal/ros2_ws/build/cpp_pubsub
[0.449s] Level 1:colcon.colcon_core.environment:checking '/home/xtal/ros2_ws/install/cpp_pubsub' for CMake module files
[0.449s] Level 1:colcon.colcon_core.environment:checking '/home/xtal/ros2_ws/install/cpp_pubsub' for CMake config files
[0.450s] Level 1:colcon.colcon_core.shell:create_environment_hook('cpp_pubsub', 'cmake_prefix_path')
[0.450s] INFO:colcon.colcon_core.shell:Creating environment hook '/home/xtal/ros2_ws/install/cpp_pubsub/share/cpp_pubsub/hook/cmake_prefix_path.ps1'
[0.450s] INFO:colcon.colcon_core.shell:Creating environment descriptor '/home/xtal/ros2_ws/install/cpp_pubsub/share/cpp_pubsub/hook/cmake_prefix_path.dsv'
[0.450s] INFO:colcon.colcon_core.shell:Creating environment hook '/home/xtal/ros2_ws/install/cpp_pubsub/share/cpp_pubsub/hook/cmake_prefix_path.sh'
[0.451s] Level 1:colcon.colcon_core.environment:checking '/home/xtal/ros2_ws/install/cpp_pubsub/lib'
[0.451s] Level 1:colcon.colcon_core.environment:checking '/home/xtal/ros2_ws/install/cpp_pubsub/bin'
[0.451s] Level 1:colcon.colcon_core.environment:checking '/home/xtal/ros2_ws/install/cpp_pubsub/lib/pkgconfig/cpp_pubsub.pc'
[0.451s] Level 1:colcon.colcon_core.environment:checking '/home/xtal/ros2_ws/install/cpp_pubsub/lib/python3.12/site-packages'
[0.451s] Level 1:colcon.colcon_core.environment:checking '/home/xtal/ros2_ws/install/cpp_pubsub/bin'
[0.452s] INFO:colcon.colcon_core.shell:Creating package script '/home/xtal/ros2_ws/install/cpp_pubsub/share/cpp_pubsub/package.ps1'
[0.452s] INFO:colcon.colcon_core.shell:Creating package descriptor '/home/xtal/ros2_ws/install/cpp_pubsub/share/cpp_pubsub/package.dsv'
[0.452s] INFO:colcon.colcon_core.shell:Creating package script '/home/xtal/ros2_ws/install/cpp_pubsub/share/cpp_pubsub/package.sh'
[0.453s] INFO:colcon.colcon_core.shell:Creating package script '/home/xtal/ros2_ws/install/cpp_pubsub/share/cpp_pubsub/package.bash'
[0.453s] INFO:colcon.colcon_core.shell:Creating package script '/home/xtal/ros2_ws/install/cpp_pubsub/share/cpp_pubsub/package.zsh'
[0.454s] Level 1:colcon.colcon_core.environment:create_file_with_runtime_dependencies(/home/xtal/ros2_ws/install/cpp_pubsub/share/colcon-core/packages/cpp_pubsub)
[0.454s] Level 1:colcon.colcon_core.environment:create_environment_scripts_only(cpp_pubsub)
[0.454s] Level 1:colcon.colcon_core.environment:checking '/home/xtal/ros2_ws/install/cpp_pubsub' for CMake module files
[0.454s] Level 1:colcon.colcon_core.environment:checking '/home/xtal/ros2_ws/install/cpp_pubsub' for CMake config files
[0.455s] Level 1:colcon.colcon_core.shell:create_environment_hook('cpp_pubsub', 'cmake_prefix_path')
[0.455s] INFO:colcon.colcon_core.shell:Creating environment hook '/home/xtal/ros2_ws/install/cpp_pubsub/share/cpp_pubsub/hook/cmake_prefix_path.ps1'
[0.455s] INFO:colcon.colcon_core.shell:Creating environment descriptor '/home/xtal/ros2_ws/install/cpp_pubsub/share/cpp_pubsub/hook/cmake_prefix_path.dsv'
[0.455s] INFO:colcon.colcon_core.shell:Creating environment hook '/home/xtal/ros2_ws/install/cpp_pubsub/share/cpp_pubsub/hook/cmake_prefix_path.sh'
[0.456s] Level 1:colcon.colcon_core.environment:checking '/home/xtal/ros2_ws/install/cpp_pubsub/lib'
[0.456s] Level 1:colcon.colcon_core.environment:checking '/home/xtal/ros2_ws/install/cpp_pubsub/bin'
[0.456s] Level 1:colcon.colcon_core.environment:checking '/home/xtal/ros2_ws/install/cpp_pubsub/lib/pkgconfig/cpp_pubsub.pc'
[0.456s] Level 1:colcon.colcon_core.environment:checking '/home/xtal/ros2_ws/install/cpp_pubsub/lib/python3.12/site-packages'
[0.456s] Level 1:colcon.colcon_core.environment:checking '/home/xtal/ros2_ws/install/cpp_pubsub/bin'
[0.456s] INFO:colcon.colcon_core.shell:Creating package script '/home/xtal/ros2_ws/install/cpp_pubsub/share/cpp_pubsub/package.ps1'
[0.457s] INFO:colcon.colcon_core.shell:Creating package descriptor '/home/xtal/ros2_ws/install/cpp_pubsub/share/cpp_pubsub/package.dsv'
[0.457s] INFO:colcon.colcon_core.shell:Creating package script '/home/xtal/ros2_ws/install/cpp_pubsub/share/cpp_pubsub/package.sh'
[0.457s] INFO:colcon.colcon_core.shell:Creating package script '/home/xtal/ros2_ws/install/cpp_pubsub/share/cpp_pubsub/package.bash'
[0.458s] INFO:colcon.colcon_core.shell:Creating package script '/home/xtal/ros2_ws/install/cpp_pubsub/share/cpp_pubsub/package.zsh'
[0.458s] Level 1:colcon.colcon_core.environment:create_file_with_runtime_dependencies(/home/xtal/ros2_ws/install/cpp_pubsub/share/colcon-core/packages/cpp_pubsub)
[0.458s] Level 1:colcon.colcon_core.environment:create_environment_scripts_only(cv_ros_bridge_cpp)
[0.458s] Level 1:colcon.colcon_core.environment:checking '/home/xtal/ros2_ws/install/cv_ros_bridge_cpp' for CMake module files
[0.459s] DEBUG:colcon.colcon_core.event_handler.log_command:Invoked command in '/home/xtal/ros2_ws/build/cv_ros_bridge_cpp' returned '0': CMAKE_PREFIX_PATH=${CMAKE_PREFIX_PATH}:/home/xtal/ros2_ws/install/cv_ros_bridge_python:/opt/ros/jazzy /usr/bin/cmake --install /home/xtal/ros2_ws/build/cv_ros_bridge_cpp
[0.459s] Level 1:colcon.colcon_core.environment:checking '/home/xtal/ros2_ws/install/cv_ros_bridge_cpp' for CMake config files
[0.460s] Level 1:colcon.colcon_core.shell:create_environment_hook('cv_ros_bridge_cpp', 'cmake_prefix_path')
[0.460s] INFO:colcon.colcon_core.shell:Creating environment hook '/home/xtal/ros2_ws/install/cv_ros_bridge_cpp/share/cv_ros_bridge_cpp/hook/cmake_prefix_path.ps1'
[0.460s] INFO:colcon.colcon_core.shell:Creating environment descriptor '/home/xtal/ros2_ws/install/cv_ros_bridge_cpp/share/cv_ros_bridge_cpp/hook/cmake_prefix_path.dsv'
[0.460s] INFO:colcon.colcon_core.shell:Creating environment hook '/home/xtal/ros2_ws/install/cv_ros_bridge_cpp/share/cv_ros_bridge_cpp/hook/cmake_prefix_path.sh'
[0.461s] Level 1:colcon.colcon_core.environment:checking '/home/xtal/ros2_ws/install/cv_ros_bridge_cpp/lib'
[0.461s] Level 1:colcon.colcon_core.environment:checking '/home/xtal/ros2_ws/install/cv_ros_bridge_cpp/bin'
[0.461s] Level 1:colcon.colcon_core.environment:checking '/home/xtal/ros2_ws/install/cv_ros_bridge_cpp/lib/pkgconfig/cv_ros_bridge_cpp.pc'
[0.461s] Level 1:colcon.colcon_core.environment:checking '/home/xtal/ros2_ws/install/cv_ros_bridge_cpp/lib/python3.12/site-packages'
[0.461s] Level 1:colcon.colcon_core.environment:checking '/home/xtal/ros2_ws/install/cv_ros_bridge_cpp/bin'
[0.461s] INFO:colcon.colcon_core.shell:Creating package script '/home/xtal/ros2_ws/install/cv_ros_bridge_cpp/share/cv_ros_bridge_cpp/package.ps1'
[0.461s] INFO:colcon.colcon_core.shell:Creating package descriptor '/home/xtal/ros2_ws/install/cv_ros_bridge_cpp/share/cv_ros_bridge_cpp/package.dsv'
[0.462s] INFO:colcon.colcon_core.shell:Creating package script '/home/xtal/ros2_ws/install/cv_ros_bridge_cpp/share/cv_ros_bridge_cpp/package.sh'
[0.462s] INFO:colcon.colcon_core.shell:Creating package script '/home/xtal/ros2_ws/install/cv_ros_bridge_cpp/share/cv_ros_bridge_cpp/package.bash'
[0.462s] INFO:colcon.colcon_core.shell:Creating package script '/home/xtal/ros2_ws/install/cv_ros_bridge_cpp/share/cv_ros_bridge_cpp/package.zsh'
[0.463s] Level 1:colcon.colcon_core.environment:create_file_with_runtime_dependencies(/home/xtal/ros2_ws/install/cv_ros_bridge_cpp/share/colcon-core/packages/cv_ros_bridge_cpp)
[0.463s] Level 1:colcon.colcon_core.environment:create_environment_scripts_only(cv_ros_bridge_cpp)
[0.463s] Level 1:colcon.colcon_core.environment:checking '/home/xtal/ros2_ws/install/cv_ros_bridge_cpp' for CMake module files
[0.463s] Level 1:colcon.colcon_core.environment:checking '/home/xtal/ros2_ws/install/cv_ros_bridge_cpp' for CMake config files
[0.464s] Level 1:colcon.colcon_core.shell:create_environment_hook('cv_ros_bridge_cpp', 'cmake_prefix_path')
[0.464s] INFO:colcon.colcon_core.shell:Creating environment hook '/home/xtal/ros2_ws/install/cv_ros_bridge_cpp/share/cv_ros_bridge_cpp/hook/cmake_prefix_path.ps1'
[0.464s] INFO:colcon.colcon_core.shell:Creating environment descriptor '/home/xtal/ros2_ws/install/cv_ros_bridge_cpp/share/cv_ros_bridge_cpp/hook/cmake_prefix_path.dsv'
[0.464s] INFO:colcon.colcon_core.shell:Creating environment hook '/home/xtal/ros2_ws/install/cv_ros_bridge_cpp/share/cv_ros_bridge_cpp/hook/cmake_prefix_path.sh'
[0.465s] Level 1:colcon.colcon_core.environment:checking '/home/xtal/ros2_ws/install/cv_ros_bridge_cpp/lib'
[0.465s] Level 1:colcon.colcon_core.environment:checking '/home/xtal/ros2_ws/install/cv_ros_bridge_cpp/bin'
[0.465s] Level 1:colcon.colcon_core.environment:checking '/home/xtal/ros2_ws/install/cv_ros_bridge_cpp/lib/pkgconfig/cv_ros_bridge_cpp.pc'
[0.465s] Level 1:colcon.colcon_core.environment:checking '/home/xtal/ros2_ws/install/cv_ros_bridge_cpp/lib/python3.12/site-packages'
[0.465s] Level 1:colcon.colcon_core.environment:checking '/home/xtal/ros2_ws/install/cv_ros_bridge_cpp/bin'
[0.465s] INFO:colcon.colcon_core.shell:Creating package script '/home/xtal/ros2_ws/install/cv_ros_bridge_cpp/share/cv_ros_bridge_cpp/package.ps1'
[0.466s] INFO:colcon.colcon_core.shell:Creating package descriptor '/home/xtal/ros2_ws/install/cv_ros_bridge_cpp/share/cv_ros_bridge_cpp/package.dsv'
[0.466s] INFO:colcon.colcon_core.shell:Creating package script '/home/xtal/ros2_ws/install/cv_ros_bridge_cpp/share/cv_ros_bridge_cpp/package.sh'
[0.466s] INFO:colcon.colcon_core.shell:Creating package script '/home/xtal/ros2_ws/install/cv_ros_bridge_cpp/share/cv_ros_bridge_cpp/package.bash'
[0.466s] INFO:colcon.colcon_core.shell:Creating package script '/home/xtal/ros2_ws/install/cv_ros_bridge_cpp/share/cv_ros_bridge_cpp/package.zsh'
[0.467s] Level 1:colcon.colcon_core.environment:create_file_with_runtime_dependencies(/home/xtal/ros2_ws/install/cv_ros_bridge_cpp/share/colcon-core/packages/cv_ros_bridge_cpp)
[0.956s] DEBUG:colcon.colcon_core.event_handler.log_command:Invoking command in '/home/xtal/ros2_ws/build/cv_ros_bridge_python': PYTHONPATH=/home/xtal/ros2_ws/build/cv_ros_bridge_python/prefix_override:/usr/lib/python3/dist-packages/colcon_core/task/python/colcon_distutils_commands:/home/xtal/ros2_ws/install/cv_ros_bridge_python/lib/python3.12/site-packages:${PYTHONPATH} /usr/bin/python3 -W ignore:setup.py install is deprecated -W ignore:easy_install command is deprecated setup.py develop --editable --build-directory /home/xtal/ros2_ws/build/cv_ros_bridge_python/build --no-deps symlink_data
[1.535s] Level 1:colcon.colcon_core.shell:create_environment_hook('cv_ros_bridge_python', 'pythonpath_develop')
[1.535s] INFO:colcon.colcon_core.shell:Creating environment hook '/home/xtal/ros2_ws/build/cv_ros_bridge_python/share/cv_ros_bridge_python/hook/pythonpath_develop.ps1'
[1.536s] DEBUG:colcon.colcon_core.event_handler.log_command:Invoked command in '/home/xtal/ros2_ws/build/cv_ros_bridge_python' returned '0': PYTHONPATH=/home/xtal/ros2_ws/build/cv_ros_bridge_python/prefix_override:/usr/lib/python3/dist-packages/colcon_core/task/python/colcon_distutils_commands:/home/xtal/ros2_ws/install/cv_ros_bridge_python/lib/python3.12/site-packages:${PYTHONPATH} /usr/bin/python3 -W ignore:setup.py install is deprecated -W ignore:easy_install command is deprecated setup.py develop --editable --build-directory /home/xtal/ros2_ws/build/cv_ros_bridge_python/build --no-deps symlink_data
[1.536s] INFO:colcon.colcon_core.shell:Creating environment descriptor '/home/xtal/ros2_ws/build/cv_ros_bridge_python/share/cv_ros_bridge_python/hook/pythonpath_develop.dsv'
[1.537s] INFO:colcon.colcon_core.shell:Creating environment hook '/home/xtal/ros2_ws/build/cv_ros_bridge_python/share/cv_ros_bridge_python/hook/pythonpath_develop.sh'
[1.537s] Level 1:colcon.colcon_core.environment:checking '/home/xtal/ros2_ws/install/cv_ros_bridge_python' for CMake module files
[1.538s] Level 1:colcon.colcon_core.environment:checking '/home/xtal/ros2_ws/install/cv_ros_bridge_python' for CMake config files
[1.538s] Level 1:colcon.colcon_core.environment:checking '/home/xtal/ros2_ws/install/cv_ros_bridge_python/lib'
[1.538s] Level 1:colcon.colcon_core.environment:checking '/home/xtal/ros2_ws/install/cv_ros_bridge_python/bin'
[1.538s] Level 1:colcon.colcon_core.environment:checking '/home/xtal/ros2_ws/install/cv_ros_bridge_python/lib/pkgconfig/cv_ros_bridge_python.pc'
[1.538s] Level 1:colcon.colcon_core.environment:checking '/home/xtal/ros2_ws/install/cv_ros_bridge_python/lib/python3.12/site-packages'
[1.538s] Level 1:colcon.colcon_core.shell:create_environment_hook('cv_ros_bridge_python', 'pythonpath')
[1.538s] INFO:colcon.colcon_core.shell:Creating environment hook '/home/xtal/ros2_ws/install/cv_ros_bridge_python/share/cv_ros_bridge_python/hook/pythonpath.ps1'
[1.539s] INFO:colcon.colcon_core.shell:Creating environment descriptor '/home/xtal/ros2_ws/install/cv_ros_bridge_python/share/cv_ros_bridge_python/hook/pythonpath.dsv'
[1.539s] INFO:colcon.colcon_core.shell:Creating environment hook '/home/xtal/ros2_ws/install/cv_ros_bridge_python/share/cv_ros_bridge_python/hook/pythonpath.sh'
[1.539s] Level 1:colcon.colcon_core.environment:checking '/home/xtal/ros2_ws/install/cv_ros_bridge_python/bin'
[1.539s] Level 1:colcon.colcon_core.environment:create_environment_scripts_only(cv_ros_bridge_python)
[1.540s] INFO:colcon.colcon_core.shell:Creating package script '/home/xtal/ros2_ws/install/cv_ros_bridge_python/share/cv_ros_bridge_python/package.ps1'
[1.540s] INFO:colcon.colcon_core.shell:Creating package descriptor '/home/xtal/ros2_ws/install/cv_ros_bridge_python/share/cv_ros_bridge_python/package.dsv'
[1.540s] INFO:colcon.colcon_core.shell:Creating package script '/home/xtal/ros2_ws/install/cv_ros_bridge_python/share/cv_ros_bridge_python/package.sh'
[1.541s] INFO:colcon.colcon_core.shell:Creating package script '/home/xtal/ros2_ws/install/cv_ros_bridge_python/share/cv_ros_bridge_python/package.bash'
[1.541s] INFO:colcon.colcon_core.shell:Creating package script '/home/xtal/ros2_ws/install/cv_ros_bridge_python/share/cv_ros_bridge_python/package.zsh'
[1.541s] Level 1:colcon.colcon_core.environment:create_file_with_runtime_dependencies(/home/xtal/ros2_ws/install/cv_ros_bridge_python/share/colcon-core/packages/cv_ros_bridge_python)
[1.541s] DEBUG:colcon.colcon_parallel_executor.executor.parallel:closing loop
[1.541s] DEBUG:colcon.colcon_parallel_executor.executor.parallel:loop closed
[1.541s] DEBUG:colcon.colcon_parallel_executor.executor.parallel:run_until_complete finished with '0'
[1.542s] DEBUG:colcon.colcon_core.event_reactor:joining thread
[1.547s] INFO:colcon.colcon_core.plugin_system:Skipping extension 'colcon_notification.desktop_notification.terminal_notifier': Not used on non-Darwin systems
[1.547s] INFO:colcon.colcon_core.plugin_system:Skipping extension 'colcon_notification.desktop_notification.win32': Not used on non-Windows systems
[1.547s] INFO:colcon.colcon_notification.desktop_notification:Sending desktop notification using 'notify2'
[1.556s] DEBUG:colcon.colcon_core.event_reactor:joined thread
[1.557s] INFO:colcon.colcon_core.shell:Creating prefix script '/home/xtal/ros2_ws/install/local_setup.ps1'
[1.558s] INFO:colcon.colcon_core.shell:Creating prefix util module '/home/xtal/ros2_ws/install/_local_setup_util_ps1.py'
[1.559s] INFO:colcon.colcon_core.shell:Creating prefix chain script '/home/xtal/ros2_ws/install/setup.ps1'
[1.560s] INFO:colcon.colcon_core.shell:Creating prefix script '/home/xtal/ros2_ws/install/local_setup.sh'
[1.560s] INFO:colcon.colcon_core.shell:Creating prefix util module '/home/xtal/ros2_ws/install/_local_setup_util_sh.py'
[1.561s] INFO:colcon.colcon_core.shell:Creating prefix chain script '/home/xtal/ros2_ws/install/setup.sh'
[1.561s] INFO:colcon.colcon_core.shell:Creating prefix script '/home/xtal/ros2_ws/install/local_setup.bash'
[1.562s] INFO:colcon.colcon_core.shell:Creating prefix chain script '/home/xtal/ros2_ws/install/setup.bash'
[1.562s] INFO:colcon.colcon_core.shell:Creating prefix script '/home/xtal/ros2_ws/install/local_setup.zsh'
[1.563s] INFO:colcon.colcon_core.shell:Creating prefix chain script '/home/xtal/ros2_ws/install/setup.zsh'
