[0.012s] Invoking command in '/home/xtal/ros2_ws/build/cv_ros_bridge_cpp': CMAKE_PREFIX_PATH=${CMAKE_PREFIX_PATH}:/home/xtal/ros2_ws/install/cv_ros_bridge_python:/opt/ros/jazzy /usr/bin/cmake /home/xtal/ros2_ws/src/cv_ros_bridge_cpp -DAMENT_CMAKE_SYMLINK_INSTALL=1 -DCMAKE_INSTALL_PREFIX=/home/xtal/ros2_ws/install/cv_ros_bridge_cpp
[0.125s] -- The C compiler identification is GNU 13.3.0
[0.219s] -- The CXX compiler identification is GNU 13.3.0
[0.240s] -- Detecting C compiler ABI info
[0.338s] -- Detecting C compiler ABI info - done
[0.344s] -- Check for working C compiler: /usr/bin/cc - skipped
[0.345s] -- Detecting C compile features
[0.346s] -- Detecting C compile features - done
[0.356s] -- Detecting CXX compiler ABI info
[0.454s] -- Detecting CXX compiler ABI info - done
[0.461s] -- Check for working CXX compiler: /usr/bin/c++ - skipped
[0.461s] -- Detecting CXX compile features
[0.462s] -- Detecting CXX compile features - done
[0.471s] -- Found ament_cmake: 2.5.4 (/opt/ros/jazzy/share/ament_cmake/cmake)
[0.614s] -- Found Python3: /usr/bin/python3 (found version "3.12.3") found components: Interpreter 
[0.680s] -- Override CMake install command with custom implementation using symlinks instead of copying resources
[0.745s] -- Found sensor_msgs: 5.3.6 (/opt/ros/jazzy/share/sensor_msgs/cmake)
[0.812s] -- Found rosidl_generator_c: 4.6.6 (/opt/ros/jazzy/share/rosidl_generator_c/cmake)
[0.832s] -- Found rosidl_generator_cpp: 4.6.6 (/opt/ros/jazzy/share/rosidl_generator_cpp/cmake)
[0.857s] -- Using all available rosidl_typesupport_c: rosidl_typesupport_fastrtps_c;rosidl_typesupport_introspection_c
[0.883s] -- Using all available rosidl_typesupport_cpp: rosidl_typesupport_fastrtps_cpp;rosidl_typesupport_introspection_cpp
[0.987s] -- Found cv_bridge: 4.1.0 (/opt/ros/jazzy/share/cv_bridge/cmake)
[0.992s] [33mCMake Warning (dev) at /usr/local/lib/cmake/opencv4/OpenCVConfig.cmake:86 (find_package):
[0.992s]   Policy CMP0146 is not set: The FindCUDA module is removed.  Run "cmake
[0.992s]   --help-policy CMP0146" for policy details.  Use the cmake_policy command to
[0.992s]   set the policy and suppress this warning.
[0.993s] 
[0.993s] Call Stack (most recent call first):
[0.993s]   /usr/local/lib/cmake/opencv4/OpenCVConfig.cmake:108 (find_host_package)
[0.993s]   /opt/ros/jazzy/share/cv_bridge/cmake/ament_cmake_export_dependencies-extras.cmake:21 (find_package)
[0.993s]   /opt/ros/jazzy/share/cv_bridge/cmake/cv_bridgeConfig.cmake:41 (include)
[0.993s]   CMakeLists.txt:11 (find_package)
[0.993s] This warning is for project developers.  Use -Wno-dev to suppress it.
[0.993s] [0m
[1.019s] -- Performing Test CMAKE_HAVE_LIBC_PTHREAD
[1.122s] -- Performing Test CMAKE_HAVE_LIBC_PTHREAD - Success
[1.123s] -- Found Threads: TRUE  
[1.140s] -- Found CUDA: /usr/local/cuda (found suitable exact version "13.0") 
[1.206s] -- Found rmw_implementation_cmake: 7.3.2 (/opt/ros/jazzy/share/rmw_implementation_cmake/cmake)
[1.211s] -- Found rmw_fastrtps_cpp: 8.4.3 (/opt/ros/jazzy/share/rmw_fastrtps_cpp/cmake)
[1.310s] -- Found OpenSSL: /usr/lib/x86_64-linux-gnu/libcrypto.so (found version "3.0.13")  
[1.329s] -- Found FastRTPS: /opt/ros/jazzy/include (Required is at least version "2.13") 
[1.355s] -- Using RMW implementation 'rmw_fastrtps_cpp' as default
[1.435s] -- Found image_transport: 5.1.7 (/opt/ros/jazzy/share/image_transport/cmake)
[1.479s] -- Found ament_lint_auto: 0.17.3 (/opt/ros/jazzy/share/ament_lint_auto/cmake)
[1.585s] -- Added test 'cppcheck' to perform static code analysis on C / C++ code
[1.585s] -- Configured cppcheck include dirs: 
[1.585s] -- Configured cppcheck exclude dirs and/or files: 
[1.586s] -- Added test 'lint_cmake' to check CMake code style
[1.587s] -- Added test 'uncrustify' to check C / C++ code style
[1.587s] -- Configured uncrustify additional arguments: 
[1.588s] -- Added test 'xmllint' to check XML markup files
[1.589s] -- Configuring done (1.6s)
[1.602s] -- Generating done (0.0s)
[1.606s] -- Build files have been written to: /home/xtal/ros2_ws/build/cv_ros_bridge_cpp
[1.625s] Invoked command in '/home/xtal/ros2_ws/build/cv_ros_bridge_cpp' returned '0': CMAKE_PREFIX_PATH=${CMAKE_PREFIX_PATH}:/home/xtal/ros2_ws/install/cv_ros_bridge_python:/opt/ros/jazzy /usr/bin/cmake /home/xtal/ros2_ws/src/cv_ros_bridge_cpp -DAMENT_CMAKE_SYMLINK_INSTALL=1 -DCMAKE_INSTALL_PREFIX=/home/xtal/ros2_ws/install/cv_ros_bridge_cpp
[1.626s] Invoking command in '/home/xtal/ros2_ws/build/cv_ros_bridge_cpp': CMAKE_PREFIX_PATH=${CMAKE_PREFIX_PATH}:/home/xtal/ros2_ws/install/cv_ros_bridge_python:/opt/ros/jazzy /usr/bin/cmake --build /home/xtal/ros2_ws/build/cv_ros_bridge_cpp -- -j16 -l16
[1.686s] [ 50%] [32mBuilding CXX object CMakeFiles/cv_ros_bridge_cpp.dir/src/cv_ros_bridge.cpp.o[0m
[6.611s] [100%] [32m[1mLinking CXX executable cv_ros_bridge_cpp[0m
[7.337s] [100%] Built target cv_ros_bridge_cpp
[7.350s] Invoked command in '/home/xtal/ros2_ws/build/cv_ros_bridge_cpp' returned '0': CMAKE_PREFIX_PATH=${CMAKE_PREFIX_PATH}:/home/xtal/ros2_ws/install/cv_ros_bridge_python:/opt/ros/jazzy /usr/bin/cmake --build /home/xtal/ros2_ws/build/cv_ros_bridge_cpp -- -j16 -l16
[7.362s] Invoking command in '/home/xtal/ros2_ws/build/cv_ros_bridge_cpp': CMAKE_PREFIX_PATH=${CMAKE_PREFIX_PATH}:/home/xtal/ros2_ws/install/cv_ros_bridge_python:/opt/ros/jazzy /usr/bin/cmake --install /home/xtal/ros2_ws/build/cv_ros_bridge_cpp
[7.369s] -- Install configuration: ""
[7.370s] -- Execute custom install script
[7.370s] -- Symlinking: /home/xtal/ros2_ws/install/cv_ros_bridge_cpp/lib/cv_ros_bridge_cpp/cv_ros_bridge_cpp
[7.380s] -- Symlinking: /home/xtal/ros2_ws/install/cv_ros_bridge_cpp/share/ament_index/resource_index/package_run_dependencies/cv_ros_bridge_cpp
[7.390s] -- Symlinking: /home/xtal/ros2_ws/install/cv_ros_bridge_cpp/share/ament_index/resource_index/parent_prefix_path/cv_ros_bridge_cpp
[7.400s] -- Symlinking: /home/xtal/ros2_ws/install/cv_ros_bridge_cpp/share/cv_ros_bridge_cpp/environment/ament_prefix_path.sh
[7.410s] -- Symlinking: /home/xtal/ros2_ws/install/cv_ros_bridge_cpp/share/cv_ros_bridge_cpp/environment/ament_prefix_path.dsv
[7.419s] -- Symlinking: /home/xtal/ros2_ws/install/cv_ros_bridge_cpp/share/cv_ros_bridge_cpp/environment/path.sh
[7.429s] -- Symlinking: /home/xtal/ros2_ws/install/cv_ros_bridge_cpp/share/cv_ros_bridge_cpp/environment/path.dsv
[7.438s] -- Symlinking: /home/xtal/ros2_ws/install/cv_ros_bridge_cpp/share/cv_ros_bridge_cpp/local_setup.bash
[7.446s] -- Symlinking: /home/xtal/ros2_ws/install/cv_ros_bridge_cpp/share/cv_ros_bridge_cpp/local_setup.sh
[7.454s] -- Symlinking: /home/xtal/ros2_ws/install/cv_ros_bridge_cpp/share/cv_ros_bridge_cpp/local_setup.zsh
[7.462s] -- Symlinking: /home/xtal/ros2_ws/install/cv_ros_bridge_cpp/share/cv_ros_bridge_cpp/local_setup.dsv
[7.471s] -- Symlinking: /home/xtal/ros2_ws/install/cv_ros_bridge_cpp/share/cv_ros_bridge_cpp/package.dsv
[7.479s] -- Symlinking: /home/xtal/ros2_ws/install/cv_ros_bridge_cpp/share/ament_index/resource_index/packages/cv_ros_bridge_cpp
[7.487s] -- Symlinking: /home/xtal/ros2_ws/install/cv_ros_bridge_cpp/share/cv_ros_bridge_cpp/cmake/cv_ros_bridge_cppConfig.cmake
[7.495s] -- Symlinking: /home/xtal/ros2_ws/install/cv_ros_bridge_cpp/share/cv_ros_bridge_cpp/cmake/cv_ros_bridge_cppConfig-version.cmake
[7.504s] -- Symlinking: /home/xtal/ros2_ws/install/cv_ros_bridge_cpp/share/cv_ros_bridge_cpp/package.xml
[7.514s] Invoked command in '/home/xtal/ros2_ws/build/cv_ros_bridge_cpp' returned '0': CMAKE_PREFIX_PATH=${CMAKE_PREFIX_PATH}:/home/xtal/ros2_ws/install/cv_ros_bridge_python:/opt/ros/jazzy /usr/bin/cmake --install /home/xtal/ros2_ws/build/cv_ros_bridge_cpp
