[0.082s] DEBUG:colcon:Command line arguments: ['/usr/bin/colcon', 'build', '--symlink-install']
[0.082s] DEBUG:colcon:Parsed command line arguments: Namespace(log_base=None, log_level=None, verb_name='build', build_base='build', install_base='install', merge_install=False, symlink_install=True, test_result_base=None, continue_on_error=False, executor='parallel', parallel_workers=16, event_handlers=None, ignore_user_meta=False, metas=['./colcon.meta'], base_paths=['.'], packages_ignore=None, packages_ignore_regex=None, paths=None, packages_up_to=None, packages_up_to_regex=None, packages_above=None, packages_above_and_dependencies=None, packages_above_depth=None, packages_select_by_dep=None, packages_skip_by_dep=None, packages_skip_up_to=None, packages_select_build_failed=False, packages_skip_build_finished=False, packages_select_test_failures=False, packages_skip_test_passed=False, packages_select=None, packages_skip=None, packages_select_regex=None, packages_skip_regex=None, packages_start=None, packages_end=None, allow_overriding=[], cmake_args=None, cmake_target=None, cmake_target_skip_unavailable=False, cmake_clean_cache=False, cmake_clean_first=False, cmake_force_configure=False, ament_cmake_args=None, catkin_cmake_args=None, catkin_skip_building_tests=False, mixin_files=None, mixin=None, verb_parser=<colcon_mixin.mixin.mixin_argument.MixinArgumentDecorator object at 0x7aa177ec4f20>, verb_extension=<colcon_core.verb.build.BuildVerb object at 0x7aa177e735f0>, main=<bound method BuildVerb.main of <colcon_core.verb.build.BuildVerb object at 0x7aa177e735f0>>, mixin_verb=('build',))
[0.112s] Level 1:colcon.colcon_core.package_discovery:discover_packages(colcon_meta) check parameters
[0.112s] Level 1:colcon.colcon_core.package_discovery:discover_packages(recursive) check parameters
[0.112s] Level 1:colcon.colcon_core.package_discovery:discover_packages(ignore) check parameters
[0.112s] Level 1:colcon.colcon_core.package_discovery:discover_packages(path) check parameters
[0.112s] Level 1:colcon.colcon_core.package_discovery:discover_packages(colcon_meta) discover
[0.112s] Level 1:colcon.colcon_core.package_discovery:discover_packages(recursive) discover
[0.112s] INFO:colcon.colcon_core.package_discovery:Crawling recursively for packages in '/home/xtal/ros2_ws'
[0.112s] Level 1:colcon.colcon_core.package_identification:_identify(.) by extensions ['ignore', 'ignore_ament_install']
[0.112s] Level 1:colcon.colcon_core.package_identification:_identify(.) by extension 'ignore'
[0.112s] Level 1:colcon.colcon_core.package_identification:_identify(.) by extension 'ignore_ament_install'
[0.112s] Level 1:colcon.colcon_core.package_identification:_identify(.) by extensions ['colcon_pkg']
[0.112s] Level 1:colcon.colcon_core.package_identification:_identify(.) by extension 'colcon_pkg'
[0.112s] Level 1:colcon.colcon_core.package_identification:_identify(.) by extensions ['colcon_meta']
[0.112s] Level 1:colcon.colcon_core.package_identification:_identify(.) by extension 'colcon_meta'
[0.112s] Level 1:colcon.colcon_core.package_identification:_identify(.) by extensions ['ros']
[0.112s] Level 1:colcon.colcon_core.package_identification:_identify(.) by extension 'ros'
[0.131s] Level 1:colcon.colcon_core.package_identification:_identify(.) by extensions ['cmake', 'python']
[0.131s] Level 1:colcon.colcon_core.package_identification:_identify(.) by extension 'cmake'
[0.131s] Level 1:colcon.colcon_core.package_identification:_identify(.) by extension 'python'
[0.131s] Level 1:colcon.colcon_core.package_identification:_identify(.) by extensions ['python_setup_py']
[0.131s] Level 1:colcon.colcon_core.package_identification:_identify(.) by extension 'python_setup_py'
[0.131s] Level 1:colcon.colcon_core.package_identification:_identify(build) by extensions ['ignore', 'ignore_ament_install']
[0.131s] Level 1:colcon.colcon_core.package_identification:_identify(build) by extension 'ignore'
[0.131s] Level 1:colcon.colcon_core.package_identification:_identify(build) ignored
[0.131s] Level 1:colcon.colcon_core.package_identification:_identify(install) by extensions ['ignore', 'ignore_ament_install']
[0.131s] Level 1:colcon.colcon_core.package_identification:_identify(install) by extension 'ignore'
[0.131s] Level 1:colcon.colcon_core.package_identification:_identify(install) ignored
[0.131s] Level 1:colcon.colcon_core.package_identification:_identify(log) by extensions ['ignore', 'ignore_ament_install']
[0.132s] Level 1:colcon.colcon_core.package_identification:_identify(log) by extension 'ignore'
[0.132s] Level 1:colcon.colcon_core.package_identification:_identify(log) ignored
[0.132s] Level 1:colcon.colcon_core.package_identification:_identify(src) by extensions ['ignore', 'ignore_ament_install']
[0.132s] Level 1:colcon.colcon_core.package_identification:_identify(src) by extension 'ignore'
[0.132s] Level 1:colcon.colcon_core.package_identification:_identify(src) by extension 'ignore_ament_install'
[0.132s] Level 1:colcon.colcon_core.package_identification:_identify(src) by extensions ['colcon_pkg']
[0.132s] Level 1:colcon.colcon_core.package_identification:_identify(src) by extension 'colcon_pkg'
[0.132s] Level 1:colcon.colcon_core.package_identification:_identify(src) by extensions ['colcon_meta']
[0.132s] Level 1:colcon.colcon_core.package_identification:_identify(src) by extension 'colcon_meta'
[0.132s] Level 1:colcon.colcon_core.package_identification:_identify(src) by extensions ['ros']
[0.132s] Level 1:colcon.colcon_core.package_identification:_identify(src) by extension 'ros'
[0.132s] Level 1:colcon.colcon_core.package_identification:_identify(src) by extensions ['cmake', 'python']
[0.132s] Level 1:colcon.colcon_core.package_identification:_identify(src) by extension 'cmake'
[0.132s] Level 1:colcon.colcon_core.package_identification:_identify(src) by extension 'python'
[0.132s] Level 1:colcon.colcon_core.package_identification:_identify(src) by extensions ['python_setup_py']
[0.132s] Level 1:colcon.colcon_core.package_identification:_identify(src) by extension 'python_setup_py'
[0.132s] Level 1:colcon.colcon_core.package_identification:_identify(src/cpp_pubsub) by extensions ['ignore', 'ignore_ament_install']
[0.132s] Level 1:colcon.colcon_core.package_identification:_identify(src/cpp_pubsub) by extension 'ignore'
[0.132s] Level 1:colcon.colcon_core.package_identification:_identify(src/cpp_pubsub) by extension 'ignore_ament_install'
[0.132s] Level 1:colcon.colcon_core.package_identification:_identify(src/cpp_pubsub) by extensions ['colcon_pkg']
[0.132s] Level 1:colcon.colcon_core.package_identification:_identify(src/cpp_pubsub) by extension 'colcon_pkg'
[0.132s] Level 1:colcon.colcon_core.package_identification:_identify(src/cpp_pubsub) by extensions ['colcon_meta']
[0.132s] Level 1:colcon.colcon_core.package_identification:_identify(src/cpp_pubsub) by extension 'colcon_meta'
[0.132s] Level 1:colcon.colcon_core.package_identification:_identify(src/cpp_pubsub) by extensions ['ros']
[0.132s] Level 1:colcon.colcon_core.package_identification:_identify(src/cpp_pubsub) by extension 'ros'
[0.134s] DEBUG:colcon.colcon_core.package_identification:Package 'src/cpp_pubsub' with type 'ros.ament_cmake' and name 'cpp_pubsub'
[0.134s] Level 1:colcon.colcon_core.package_identification:_identify(src/cv_ros_bridge_cpp) by extensions ['ignore', 'ignore_ament_install']
[0.134s] Level 1:colcon.colcon_core.package_identification:_identify(src/cv_ros_bridge_cpp) by extension 'ignore'
[0.134s] Level 1:colcon.colcon_core.package_identification:_identify(src/cv_ros_bridge_cpp) by extension 'ignore_ament_install'
[0.134s] Level 1:colcon.colcon_core.package_identification:_identify(src/cv_ros_bridge_cpp) by extensions ['colcon_pkg']
[0.134s] Level 1:colcon.colcon_core.package_identification:_identify(src/cv_ros_bridge_cpp) by extension 'colcon_pkg'
[0.134s] Level 1:colcon.colcon_core.package_identification:_identify(src/cv_ros_bridge_cpp) by extensions ['colcon_meta']
[0.134s] Level 1:colcon.colcon_core.package_identification:_identify(src/cv_ros_bridge_cpp) by extension 'colcon_meta'
[0.134s] Level 1:colcon.colcon_core.package_identification:_identify(src/cv_ros_bridge_cpp) by extensions ['ros']
[0.134s] Level 1:colcon.colcon_core.package_identification:_identify(src/cv_ros_bridge_cpp) by extension 'ros'
[0.135s] DEBUG:colcon.colcon_core.package_identification:Package 'src/cv_ros_bridge_cpp' with type 'ros.ament_cmake' and name 'cv_ros_bridge_cpp'
[0.135s] Level 1:colcon.colcon_core.package_identification:_identify(src/cv_ros_bridge_python) by extensions ['ignore', 'ignore_ament_install']
[0.135s] Level 1:colcon.colcon_core.package_identification:_identify(src/cv_ros_bridge_python) by extension 'ignore'
[0.135s] Level 1:colcon.colcon_core.package_identification:_identify(src/cv_ros_bridge_python) by extension 'ignore_ament_install'
[0.135s] Level 1:colcon.colcon_core.package_identification:_identify(src/cv_ros_bridge_python) by extensions ['colcon_pkg']
[0.135s] Level 1:colcon.colcon_core.package_identification:_identify(src/cv_ros_bridge_python) by extension 'colcon_pkg'
[0.135s] Level 1:colcon.colcon_core.package_identification:_identify(src/cv_ros_bridge_python) by extensions ['colcon_meta']
[0.135s] Level 1:colcon.colcon_core.package_identification:_identify(src/cv_ros_bridge_python) by extension 'colcon_meta'
[0.135s] Level 1:colcon.colcon_core.package_identification:_identify(src/cv_ros_bridge_python) by extensions ['ros']
[0.135s] Level 1:colcon.colcon_core.package_identification:_identify(src/cv_ros_bridge_python) by extension 'ros'
[0.136s] DEBUG:colcon.colcon_core.package_identification:Package 'src/cv_ros_bridge_python' with type 'ros.ament_python' and name 'cv_ros_bridge_python'
[0.136s] Level 1:colcon.colcon_core.package_discovery:discover_packages(recursive) using defaults
[0.136s] Level 1:colcon.colcon_core.package_discovery:discover_packages(ignore) discover
[0.136s] Level 1:colcon.colcon_core.package_discovery:discover_packages(ignore) using defaults
[0.136s] Level 1:colcon.colcon_core.package_discovery:discover_packages(path) discover
[0.136s] Level 1:colcon.colcon_core.package_discovery:discover_packages(path) using defaults
[0.149s] Level 1:colcon.colcon_core.package_discovery:discover_packages(prefix_path) check parameters
[0.149s] Level 1:colcon.colcon_core.package_discovery:discover_packages(prefix_path) discover
[0.149s] WARNING:colcon.colcon_ros.prefix_path.ament:The path '/home/xtal/ros2_ws/install/cv_ros_bridge_python' in the environment variable AMENT_PREFIX_PATH doesn't exist
[0.150s] WARNING:colcon.colcon_ros.prefix_path.ament:The path '/home/xtal/ros2_ws/install/cv_ros_bridge_cpp' in the environment variable AMENT_PREFIX_PATH doesn't exist
[0.150s] WARNING:colcon.colcon_ros.prefix_path.ament:The path '/home/xtal/ros2_ws/install/cpp_pubsub' in the environment variable AMENT_PREFIX_PATH doesn't exist
[0.150s] WARNING:colcon.colcon_ros.prefix_path.catkin:The path '/home/xtal/ros2_ws/install/cv_ros_bridge_cpp' in the environment variable CMAKE_PREFIX_PATH doesn't exist
[0.150s] WARNING:colcon.colcon_ros.prefix_path.catkin:The path '/home/xtal/ros2_ws/install/cpp_pubsub' in the environment variable CMAKE_PREFIX_PATH doesn't exist
[0.150s] DEBUG:colcon.colcon_installed_package_information.package_discovery:Found 0 installed packages in /home/xtal/ros2_ws/install
[0.152s] DEBUG:colcon.colcon_installed_package_information.package_discovery:Found 380 installed packages in /opt/ros/jazzy
[0.153s] Level 1:colcon.colcon_core.package_discovery:discover_packages(prefix_path) using defaults
[0.192s] Level 5:colcon.colcon_core.verb:set package 'cpp_pubsub' build argument 'cmake_args' from command line to 'None'
[0.192s] Level 5:colcon.colcon_core.verb:set package 'cpp_pubsub' build argument 'cmake_target' from command line to 'None'
[0.192s] Level 5:colcon.colcon_core.verb:set package 'cpp_pubsub' build argument 'cmake_target_skip_unavailable' from command line to 'False'
[0.192s] Level 5:colcon.colcon_core.verb:set package 'cpp_pubsub' build argument 'cmake_clean_cache' from command line to 'False'
[0.192s] Level 5:colcon.colcon_core.verb:set package 'cpp_pubsub' build argument 'cmake_clean_first' from command line to 'False'
[0.192s] Level 5:colcon.colcon_core.verb:set package 'cpp_pubsub' build argument 'cmake_force_configure' from command line to 'False'
[0.192s] Level 5:colcon.colcon_core.verb:set package 'cpp_pubsub' build argument 'ament_cmake_args' from command line to 'None'
[0.192s] Level 5:colcon.colcon_core.verb:set package 'cpp_pubsub' build argument 'catkin_cmake_args' from command line to 'None'
[0.193s] Level 5:colcon.colcon_core.verb:set package 'cpp_pubsub' build argument 'catkin_skip_building_tests' from command line to 'False'
[0.193s] DEBUG:colcon.colcon_core.verb:Building package 'cpp_pubsub' with the following arguments: {'ament_cmake_args': None, 'build_base': '/home/xtal/ros2_ws/build/cpp_pubsub', 'catkin_cmake_args': None, 'catkin_skip_building_tests': False, 'cmake_args': None, 'cmake_clean_cache': False, 'cmake_clean_first': False, 'cmake_force_configure': False, 'cmake_target': None, 'cmake_target_skip_unavailable': False, 'install_base': '/home/xtal/ros2_ws/install/cpp_pubsub', 'merge_install': False, 'path': '/home/xtal/ros2_ws/src/cpp_pubsub', 'symlink_install': True, 'test_result_base': None}
[0.193s] Level 5:colcon.colcon_core.verb:set package 'cv_ros_bridge_cpp' build argument 'cmake_args' from command line to 'None'
[0.193s] Level 5:colcon.colcon_core.verb:set package 'cv_ros_bridge_cpp' build argument 'cmake_target' from command line to 'None'
[0.193s] Level 5:colcon.colcon_core.verb:set package 'cv_ros_bridge_cpp' build argument 'cmake_target_skip_unavailable' from command line to 'False'
[0.193s] Level 5:colcon.colcon_core.verb:set package 'cv_ros_bridge_cpp' build argument 'cmake_clean_cache' from command line to 'False'
[0.193s] Level 5:colcon.colcon_core.verb:set package 'cv_ros_bridge_cpp' build argument 'cmake_clean_first' from command line to 'False'
[0.193s] Level 5:colcon.colcon_core.verb:set package 'cv_ros_bridge_cpp' build argument 'cmake_force_configure' from command line to 'False'
[0.193s] Level 5:colcon.colcon_core.verb:set package 'cv_ros_bridge_cpp' build argument 'ament_cmake_args' from command line to 'None'
[0.193s] Level 5:colcon.colcon_core.verb:set package 'cv_ros_bridge_cpp' build argument 'catkin_cmake_args' from command line to 'None'
[0.193s] Level 5:colcon.colcon_core.verb:set package 'cv_ros_bridge_cpp' build argument 'catkin_skip_building_tests' from command line to 'False'
[0.193s] DEBUG:colcon.colcon_core.verb:Building package 'cv_ros_bridge_cpp' with the following arguments: {'ament_cmake_args': None, 'build_base': '/home/xtal/ros2_ws/build/cv_ros_bridge_cpp', 'catkin_cmake_args': None, 'catkin_skip_building_tests': False, 'cmake_args': None, 'cmake_clean_cache': False, 'cmake_clean_first': False, 'cmake_force_configure': False, 'cmake_target': None, 'cmake_target_skip_unavailable': False, 'install_base': '/home/xtal/ros2_ws/install/cv_ros_bridge_cpp', 'merge_install': False, 'path': '/home/xtal/ros2_ws/src/cv_ros_bridge_cpp', 'symlink_install': True, 'test_result_base': None}
[0.193s] Level 5:colcon.colcon_core.verb:set package 'cv_ros_bridge_python' build argument 'cmake_args' from command line to 'None'
[0.193s] Level 5:colcon.colcon_core.verb:set package 'cv_ros_bridge_python' build argument 'cmake_target' from command line to 'None'
[0.193s] Level 5:colcon.colcon_core.verb:set package 'cv_ros_bridge_python' build argument 'cmake_target_skip_unavailable' from command line to 'False'
[0.193s] Level 5:colcon.colcon_core.verb:set package 'cv_ros_bridge_python' build argument 'cmake_clean_cache' from command line to 'False'
[0.193s] Level 5:colcon.colcon_core.verb:set package 'cv_ros_bridge_python' build argument 'cmake_clean_first' from command line to 'False'
[0.193s] Level 5:colcon.colcon_core.verb:set package 'cv_ros_bridge_python' build argument 'cmake_force_configure' from command line to 'False'
[0.193s] Level 5:colcon.colcon_core.verb:set package 'cv_ros_bridge_python' build argument 'ament_cmake_args' from command line to 'None'
[0.193s] Level 5:colcon.colcon_core.verb:set package 'cv_ros_bridge_python' build argument 'catkin_cmake_args' from command line to 'None'
[0.193s] Level 5:colcon.colcon_core.verb:set package 'cv_ros_bridge_python' build argument 'catkin_skip_building_tests' from command line to 'False'
[0.193s] DEBUG:colcon.colcon_core.verb:Building package 'cv_ros_bridge_python' with the following arguments: {'ament_cmake_args': None, 'build_base': '/home/xtal/ros2_ws/build/cv_ros_bridge_python', 'catkin_cmake_args': None, 'catkin_skip_building_tests': False, 'cmake_args': None, 'cmake_clean_cache': False, 'cmake_clean_first': False, 'cmake_force_configure': False, 'cmake_target': None, 'cmake_target_skip_unavailable': False, 'install_base': '/home/xtal/ros2_ws/install/cv_ros_bridge_python', 'merge_install': False, 'path': '/home/xtal/ros2_ws/src/cv_ros_bridge_python', 'symlink_install': True, 'test_result_base': None}
[0.193s] INFO:colcon.colcon_core.executor:Executing jobs using 'parallel' executor
[0.194s] DEBUG:colcon.colcon_parallel_executor.executor.parallel:run_until_complete
[0.194s] INFO:colcon.colcon_ros.task.ament_cmake.build:Building ROS package in '/home/xtal/ros2_ws/src/cpp_pubsub' with build type 'ament_cmake'
[0.194s] INFO:colcon.colcon_cmake.task.cmake.build:Building CMake package in '/home/xtal/ros2_ws/src/cpp_pubsub'
[0.196s] INFO:colcon.colcon_core.plugin_system:Skipping extension 'colcon_core.shell.bat': Not used on non-Windows systems
[0.196s] INFO:colcon.colcon_core.shell:Skip shell extension 'powershell' for command environment: Not usable outside of PowerShell
[0.196s] DEBUG:colcon.colcon_core.shell:Skip shell extension 'dsv' for command environment
[0.199s] INFO:colcon.colcon_ros.task.ament_cmake.build:Building ROS package in '/home/xtal/ros2_ws/src/cv_ros_bridge_cpp' with build type 'ament_cmake'
[0.200s] INFO:colcon.colcon_cmake.task.cmake.build:Building CMake package in '/home/xtal/ros2_ws/src/cv_ros_bridge_cpp'
[0.200s] INFO:colcon.colcon_core.shell:Skip shell extension 'powershell' for command environment: Not usable outside of PowerShell
[0.200s] DEBUG:colcon.colcon_core.shell:Skip shell extension 'dsv' for command environment
[0.202s] INFO:colcon.colcon_ros.task.ament_python.build:Building ROS package in '/home/xtal/ros2_ws/src/cv_ros_bridge_python' with build type 'ament_python'
[0.202s] Level 1:colcon.colcon_core.shell:create_environment_hook('cv_ros_bridge_python', 'ament_prefix_path')
[0.202s] INFO:colcon.colcon_core.shell:Creating environment hook '/home/xtal/ros2_ws/install/cv_ros_bridge_python/share/cv_ros_bridge_python/hook/ament_prefix_path.ps1'
[0.203s] INFO:colcon.colcon_core.shell:Creating environment descriptor '/home/xtal/ros2_ws/install/cv_ros_bridge_python/share/cv_ros_bridge_python/hook/ament_prefix_path.dsv'
[0.203s] INFO:colcon.colcon_core.shell:Creating environment hook '/home/xtal/ros2_ws/install/cv_ros_bridge_python/share/cv_ros_bridge_python/hook/ament_prefix_path.sh'
[0.204s] INFO:colcon.colcon_core.shell:Skip shell extension 'powershell' for command environment: Not usable outside of PowerShell
[0.204s] DEBUG:colcon.colcon_core.shell:Skip shell extension 'dsv' for command environment
[0.210s] DEBUG:colcon.colcon_core.event_handler.log_command:Invoking command in '/home/xtal/ros2_ws/build/cpp_pubsub': CMAKE_PREFIX_PATH=${CMAKE_PREFIX_PATH}:/home/xtal/ros2_ws/install/cv_ros_bridge_python:/opt/ros/jazzy /usr/bin/cmake /home/xtal/ros2_ws/src/cpp_pubsub -DAMENT_CMAKE_SYMLINK_INSTALL=1 -DCMAKE_INSTALL_PREFIX=/home/xtal/ros2_ws/install/cpp_pubsub
[0.212s] DEBUG:colcon.colcon_core.event_handler.log_command:Invoking command in '/home/xtal/ros2_ws/build/cv_ros_bridge_cpp': CMAKE_PREFIX_PATH=${CMAKE_PREFIX_PATH}:/home/xtal/ros2_ws/install/cv_ros_bridge_python:/opt/ros/jazzy /usr/bin/cmake /home/xtal/ros2_ws/src/cv_ros_bridge_cpp -DAMENT_CMAKE_SYMLINK_INSTALL=1 -DCMAKE_INSTALL_PREFIX=/home/xtal/ros2_ws/install/cv_ros_bridge_cpp
[0.414s] INFO:colcon.colcon_core.task.python.build:Building Python package in '/home/xtal/ros2_ws/src/cv_ros_bridge_python'
[0.414s] INFO:colcon.colcon_core.shell:Skip shell extension 'powershell' for command environment: Not usable outside of PowerShell
[0.414s] DEBUG:colcon.colcon_core.shell:Skip shell extension 'dsv' for command environment
[1.006s] DEBUG:colcon.colcon_core.event_handler.log_command:Invoking command in '/home/xtal/ros2_ws/build/cv_ros_bridge_python': PYTHONPATH=/home/xtal/ros2_ws/build/cv_ros_bridge_python/prefix_override:/usr/lib/python3/dist-packages/colcon_core/task/python/colcon_distutils_commands:/home/xtal/ros2_ws/install/cv_ros_bridge_python/lib/python3.12/site-packages:${PYTHONPATH} /usr/bin/python3 -W ignore:setup.py install is deprecated -W ignore:easy_install command is deprecated setup.py develop --editable --build-directory /home/xtal/ros2_ws/build/cv_ros_bridge_python/build --no-deps symlink_data
[1.627s] Level 1:colcon.colcon_core.shell:create_environment_hook('cv_ros_bridge_python', 'pythonpath_develop')
[1.628s] INFO:colcon.colcon_core.shell:Creating environment hook '/home/xtal/ros2_ws/build/cv_ros_bridge_python/share/cv_ros_bridge_python/hook/pythonpath_develop.ps1'
[1.628s] DEBUG:colcon.colcon_core.event_handler.log_command:Invoked command in '/home/xtal/ros2_ws/build/cv_ros_bridge_python' returned '0': PYTHONPATH=/home/xtal/ros2_ws/build/cv_ros_bridge_python/prefix_override:/usr/lib/python3/dist-packages/colcon_core/task/python/colcon_distutils_commands:/home/xtal/ros2_ws/install/cv_ros_bridge_python/lib/python3.12/site-packages:${PYTHONPATH} /usr/bin/python3 -W ignore:setup.py install is deprecated -W ignore:easy_install command is deprecated setup.py develop --editable --build-directory /home/xtal/ros2_ws/build/cv_ros_bridge_python/build --no-deps symlink_data
[1.629s] INFO:colcon.colcon_core.shell:Creating environment descriptor '/home/xtal/ros2_ws/build/cv_ros_bridge_python/share/cv_ros_bridge_python/hook/pythonpath_develop.dsv'
[1.629s] INFO:colcon.colcon_core.shell:Creating environment hook '/home/xtal/ros2_ws/build/cv_ros_bridge_python/share/cv_ros_bridge_python/hook/pythonpath_develop.sh'
[1.631s] Level 1:colcon.colcon_core.environment:checking '/home/xtal/ros2_ws/install/cv_ros_bridge_python' for CMake module files
[1.631s] Level 1:colcon.colcon_core.environment:checking '/home/xtal/ros2_ws/install/cv_ros_bridge_python' for CMake config files
[1.632s] Level 1:colcon.colcon_core.environment:checking '/home/xtal/ros2_ws/install/cv_ros_bridge_python/lib'
[1.632s] Level 1:colcon.colcon_core.environment:checking '/home/xtal/ros2_ws/install/cv_ros_bridge_python/bin'
[1.632s] Level 1:colcon.colcon_core.environment:checking '/home/xtal/ros2_ws/install/cv_ros_bridge_python/lib/pkgconfig/cv_ros_bridge_python.pc'
[1.632s] Level 1:colcon.colcon_core.environment:checking '/home/xtal/ros2_ws/install/cv_ros_bridge_python/lib/python3.12/site-packages'
[1.632s] Level 1:colcon.colcon_core.shell:create_environment_hook('cv_ros_bridge_python', 'pythonpath')
[1.632s] INFO:colcon.colcon_core.shell:Creating environment hook '/home/xtal/ros2_ws/install/cv_ros_bridge_python/share/cv_ros_bridge_python/hook/pythonpath.ps1'
[1.632s] INFO:colcon.colcon_core.shell:Creating environment descriptor '/home/xtal/ros2_ws/install/cv_ros_bridge_python/share/cv_ros_bridge_python/hook/pythonpath.dsv'
[1.633s] INFO:colcon.colcon_core.shell:Creating environment hook '/home/xtal/ros2_ws/install/cv_ros_bridge_python/share/cv_ros_bridge_python/hook/pythonpath.sh'
[1.633s] Level 1:colcon.colcon_core.environment:checking '/home/xtal/ros2_ws/install/cv_ros_bridge_python/bin'
[1.633s] Level 1:colcon.colcon_core.environment:create_environment_scripts_only(cv_ros_bridge_python)
[1.633s] INFO:colcon.colcon_core.shell:Creating package script '/home/xtal/ros2_ws/install/cv_ros_bridge_python/share/cv_ros_bridge_python/package.ps1'
[1.634s] INFO:colcon.colcon_core.shell:Creating package descriptor '/home/xtal/ros2_ws/install/cv_ros_bridge_python/share/cv_ros_bridge_python/package.dsv'
[1.634s] INFO:colcon.colcon_core.shell:Creating package script '/home/xtal/ros2_ws/install/cv_ros_bridge_python/share/cv_ros_bridge_python/package.sh'
[1.635s] INFO:colcon.colcon_core.shell:Creating package script '/home/xtal/ros2_ws/install/cv_ros_bridge_python/share/cv_ros_bridge_python/package.bash'
[1.635s] INFO:colcon.colcon_core.shell:Creating package script '/home/xtal/ros2_ws/install/cv_ros_bridge_python/share/cv_ros_bridge_python/package.zsh'
[1.636s] Level 1:colcon.colcon_core.environment:create_file_with_runtime_dependencies(/home/xtal/ros2_ws/install/cv_ros_bridge_python/share/colcon-core/packages/cv_ros_bridge_python)
[1.637s] DEBUG:colcon.colcon_core.event_handler.log_command:Invoked command in '/home/xtal/ros2_ws/build/cpp_pubsub' returned '0': CMAKE_PREFIX_PATH=${CMAKE_PREFIX_PATH}:/home/xtal/ros2_ws/install/cv_ros_bridge_python:/opt/ros/jazzy /usr/bin/cmake /home/xtal/ros2_ws/src/cpp_pubsub -DAMENT_CMAKE_SYMLINK_INSTALL=1 -DCMAKE_INSTALL_PREFIX=/home/xtal/ros2_ws/install/cpp_pubsub
[1.638s] DEBUG:colcon.colcon_core.event_handler.log_command:Invoking command in '/home/xtal/ros2_ws/build/cpp_pubsub': CMAKE_PREFIX_PATH=${CMAKE_PREFIX_PATH}:/home/xtal/ros2_ws/install/cv_ros_bridge_python:/opt/ros/jazzy /usr/bin/cmake --build /home/xtal/ros2_ws/build/cpp_pubsub -- -j16 -l16
[1.825s] DEBUG:colcon.colcon_core.event_handler.log_command:Invoked command in '/home/xtal/ros2_ws/build/cv_ros_bridge_cpp' returned '0': CMAKE_PREFIX_PATH=${CMAKE_PREFIX_PATH}:/home/xtal/ros2_ws/install/cv_ros_bridge_python:/opt/ros/jazzy /usr/bin/cmake /home/xtal/ros2_ws/src/cv_ros_bridge_cpp -DAMENT_CMAKE_SYMLINK_INSTALL=1 -DCMAKE_INSTALL_PREFIX=/home/xtal/ros2_ws/install/cv_ros_bridge_cpp
[1.826s] DEBUG:colcon.colcon_core.event_handler.log_command:Invoking command in '/home/xtal/ros2_ws/build/cv_ros_bridge_cpp': CMAKE_PREFIX_PATH=${CMAKE_PREFIX_PATH}:/home/xtal/ros2_ws/install/cv_ros_bridge_python:/opt/ros/jazzy /usr/bin/cmake --build /home/xtal/ros2_ws/build/cv_ros_bridge_cpp -- -j16 -l16
[7.550s] DEBUG:colcon.colcon_core.event_handler.log_command:Invoked command in '/home/xtal/ros2_ws/build/cv_ros_bridge_cpp' returned '0': CMAKE_PREFIX_PATH=${CMAKE_PREFIX_PATH}:/home/xtal/ros2_ws/install/cv_ros_bridge_python:/opt/ros/jazzy /usr/bin/cmake --build /home/xtal/ros2_ws/build/cv_ros_bridge_cpp -- -j16 -l16
[7.561s] DEBUG:colcon.colcon_core.event_handler.log_command:Invoking command in '/home/xtal/ros2_ws/build/cv_ros_bridge_cpp': CMAKE_PREFIX_PATH=${CMAKE_PREFIX_PATH}:/home/xtal/ros2_ws/install/cv_ros_bridge_python:/opt/ros/jazzy /usr/bin/cmake --install /home/xtal/ros2_ws/build/cv_ros_bridge_cpp
[7.653s] DEBUG:colcon.colcon_core.event_handler.log_command:Invoked command in '/home/xtal/ros2_ws/build/cpp_pubsub' returned '0': CMAKE_PREFIX_PATH=${CMAKE_PREFIX_PATH}:/home/xtal/ros2_ws/install/cv_ros_bridge_python:/opt/ros/jazzy /usr/bin/cmake --build /home/xtal/ros2_ws/build/cpp_pubsub -- -j16 -l16
[7.654s] DEBUG:colcon.colcon_core.event_handler.log_command:Invoking command in '/home/xtal/ros2_ws/build/cpp_pubsub': CMAKE_PREFIX_PATH=${CMAKE_PREFIX_PATH}:/home/xtal/ros2_ws/install/cv_ros_bridge_python:/opt/ros/jazzy /usr/bin/cmake --install /home/xtal/ros2_ws/build/cpp_pubsub
[7.714s] Level 1:colcon.colcon_core.environment:create_environment_scripts_only(cv_ros_bridge_cpp)
[7.714s] Level 1:colcon.colcon_core.environment:checking '/home/xtal/ros2_ws/install/cv_ros_bridge_cpp' for CMake module files
[7.714s] DEBUG:colcon.colcon_core.event_handler.log_command:Invoked command in '/home/xtal/ros2_ws/build/cv_ros_bridge_cpp' returned '0': CMAKE_PREFIX_PATH=${CMAKE_PREFIX_PATH}:/home/xtal/ros2_ws/install/cv_ros_bridge_python:/opt/ros/jazzy /usr/bin/cmake --install /home/xtal/ros2_ws/build/cv_ros_bridge_cpp
[7.715s] Level 1:colcon.colcon_core.environment:checking '/home/xtal/ros2_ws/install/cv_ros_bridge_cpp' for CMake config files
[7.715s] Level 1:colcon.colcon_core.shell:create_environment_hook('cv_ros_bridge_cpp', 'cmake_prefix_path')
[7.715s] INFO:colcon.colcon_core.shell:Creating environment hook '/home/xtal/ros2_ws/install/cv_ros_bridge_cpp/share/cv_ros_bridge_cpp/hook/cmake_prefix_path.ps1'
[7.715s] INFO:colcon.colcon_core.shell:Creating environment descriptor '/home/xtal/ros2_ws/install/cv_ros_bridge_cpp/share/cv_ros_bridge_cpp/hook/cmake_prefix_path.dsv'
[7.716s] INFO:colcon.colcon_core.shell:Creating environment hook '/home/xtal/ros2_ws/install/cv_ros_bridge_cpp/share/cv_ros_bridge_cpp/hook/cmake_prefix_path.sh'
[7.716s] Level 1:colcon.colcon_core.environment:checking '/home/xtal/ros2_ws/install/cv_ros_bridge_cpp/lib'
[7.716s] Level 1:colcon.colcon_core.environment:checking '/home/xtal/ros2_ws/install/cv_ros_bridge_cpp/bin'
[7.716s] Level 1:colcon.colcon_core.environment:checking '/home/xtal/ros2_ws/install/cv_ros_bridge_cpp/lib/pkgconfig/cv_ros_bridge_cpp.pc'
[7.716s] Level 1:colcon.colcon_core.environment:checking '/home/xtal/ros2_ws/install/cv_ros_bridge_cpp/lib/python3.12/site-packages'
[7.716s] Level 1:colcon.colcon_core.environment:checking '/home/xtal/ros2_ws/install/cv_ros_bridge_cpp/bin'
[7.717s] INFO:colcon.colcon_core.shell:Creating package script '/home/xtal/ros2_ws/install/cv_ros_bridge_cpp/share/cv_ros_bridge_cpp/package.ps1'
[7.717s] INFO:colcon.colcon_core.shell:Creating package descriptor '/home/xtal/ros2_ws/install/cv_ros_bridge_cpp/share/cv_ros_bridge_cpp/package.dsv'
[7.717s] INFO:colcon.colcon_core.shell:Creating package script '/home/xtal/ros2_ws/install/cv_ros_bridge_cpp/share/cv_ros_bridge_cpp/package.sh'
[7.717s] INFO:colcon.colcon_core.shell:Creating package script '/home/xtal/ros2_ws/install/cv_ros_bridge_cpp/share/cv_ros_bridge_cpp/package.bash'
[7.718s] INFO:colcon.colcon_core.shell:Creating package script '/home/xtal/ros2_ws/install/cv_ros_bridge_cpp/share/cv_ros_bridge_cpp/package.zsh'
[7.718s] Level 1:colcon.colcon_core.environment:create_file_with_runtime_dependencies(/home/xtal/ros2_ws/install/cv_ros_bridge_cpp/share/colcon-core/packages/cv_ros_bridge_cpp)
[7.718s] Level 1:colcon.colcon_core.environment:create_environment_scripts_only(cv_ros_bridge_cpp)
[7.718s] Level 1:colcon.colcon_core.environment:checking '/home/xtal/ros2_ws/install/cv_ros_bridge_cpp' for CMake module files
[7.719s] Level 1:colcon.colcon_core.environment:checking '/home/xtal/ros2_ws/install/cv_ros_bridge_cpp' for CMake config files
[7.719s] Level 1:colcon.colcon_core.shell:create_environment_hook('cv_ros_bridge_cpp', 'cmake_prefix_path')
[7.719s] INFO:colcon.colcon_core.shell:Creating environment hook '/home/xtal/ros2_ws/install/cv_ros_bridge_cpp/share/cv_ros_bridge_cpp/hook/cmake_prefix_path.ps1'
[7.719s] INFO:colcon.colcon_core.shell:Creating environment descriptor '/home/xtal/ros2_ws/install/cv_ros_bridge_cpp/share/cv_ros_bridge_cpp/hook/cmake_prefix_path.dsv'
[7.719s] INFO:colcon.colcon_core.shell:Creating environment hook '/home/xtal/ros2_ws/install/cv_ros_bridge_cpp/share/cv_ros_bridge_cpp/hook/cmake_prefix_path.sh'
[7.720s] Level 1:colcon.colcon_core.environment:checking '/home/xtal/ros2_ws/install/cv_ros_bridge_cpp/lib'
[7.720s] Level 1:colcon.colcon_core.environment:checking '/home/xtal/ros2_ws/install/cv_ros_bridge_cpp/bin'
[7.720s] Level 1:colcon.colcon_core.environment:checking '/home/xtal/ros2_ws/install/cv_ros_bridge_cpp/lib/pkgconfig/cv_ros_bridge_cpp.pc'
[7.720s] Level 1:colcon.colcon_core.environment:checking '/home/xtal/ros2_ws/install/cv_ros_bridge_cpp/lib/python3.12/site-packages'
[7.720s] Level 1:colcon.colcon_core.environment:checking '/home/xtal/ros2_ws/install/cv_ros_bridge_cpp/bin'
[7.721s] INFO:colcon.colcon_core.shell:Creating package script '/home/xtal/ros2_ws/install/cv_ros_bridge_cpp/share/cv_ros_bridge_cpp/package.ps1'
[7.721s] INFO:colcon.colcon_core.shell:Creating package descriptor '/home/xtal/ros2_ws/install/cv_ros_bridge_cpp/share/cv_ros_bridge_cpp/package.dsv'
[7.721s] INFO:colcon.colcon_core.shell:Creating package script '/home/xtal/ros2_ws/install/cv_ros_bridge_cpp/share/cv_ros_bridge_cpp/package.sh'
[7.722s] INFO:colcon.colcon_core.shell:Creating package script '/home/xtal/ros2_ws/install/cv_ros_bridge_cpp/share/cv_ros_bridge_cpp/package.bash'
[7.722s] INFO:colcon.colcon_core.shell:Creating package script '/home/xtal/ros2_ws/install/cv_ros_bridge_cpp/share/cv_ros_bridge_cpp/package.zsh'
[7.722s] Level 1:colcon.colcon_core.environment:create_file_with_runtime_dependencies(/home/xtal/ros2_ws/install/cv_ros_bridge_cpp/share/colcon-core/packages/cv_ros_bridge_cpp)
[7.810s] Level 1:colcon.colcon_core.environment:create_environment_scripts_only(cpp_pubsub)
[7.810s] Level 1:colcon.colcon_core.environment:checking '/home/xtal/ros2_ws/install/cpp_pubsub' for CMake module files
[7.811s] DEBUG:colcon.colcon_core.event_handler.log_command:Invoked command in '/home/xtal/ros2_ws/build/cpp_pubsub' returned '0': CMAKE_PREFIX_PATH=${CMAKE_PREFIX_PATH}:/home/xtal/ros2_ws/install/cv_ros_bridge_python:/opt/ros/jazzy /usr/bin/cmake --install /home/xtal/ros2_ws/build/cpp_pubsub
[7.811s] Level 1:colcon.colcon_core.environment:checking '/home/xtal/ros2_ws/install/cpp_pubsub' for CMake config files
[7.811s] Level 1:colcon.colcon_core.shell:create_environment_hook('cpp_pubsub', 'cmake_prefix_path')
[7.811s] INFO:colcon.colcon_core.shell:Creating environment hook '/home/xtal/ros2_ws/install/cpp_pubsub/share/cpp_pubsub/hook/cmake_prefix_path.ps1'
[7.812s] INFO:colcon.colcon_core.shell:Creating environment descriptor '/home/xtal/ros2_ws/install/cpp_pubsub/share/cpp_pubsub/hook/cmake_prefix_path.dsv'
[7.812s] INFO:colcon.colcon_core.shell:Creating environment hook '/home/xtal/ros2_ws/install/cpp_pubsub/share/cpp_pubsub/hook/cmake_prefix_path.sh'
[7.812s] Level 1:colcon.colcon_core.environment:checking '/home/xtal/ros2_ws/install/cpp_pubsub/lib'
[7.812s] Level 1:colcon.colcon_core.environment:checking '/home/xtal/ros2_ws/install/cpp_pubsub/bin'
[7.812s] Level 1:colcon.colcon_core.environment:checking '/home/xtal/ros2_ws/install/cpp_pubsub/lib/pkgconfig/cpp_pubsub.pc'
[7.812s] Level 1:colcon.colcon_core.environment:checking '/home/xtal/ros2_ws/install/cpp_pubsub/lib/python3.12/site-packages'
[7.813s] Level 1:colcon.colcon_core.environment:checking '/home/xtal/ros2_ws/install/cpp_pubsub/bin'
[7.813s] INFO:colcon.colcon_core.shell:Creating package script '/home/xtal/ros2_ws/install/cpp_pubsub/share/cpp_pubsub/package.ps1'
[7.813s] INFO:colcon.colcon_core.shell:Creating package descriptor '/home/xtal/ros2_ws/install/cpp_pubsub/share/cpp_pubsub/package.dsv'
[7.813s] INFO:colcon.colcon_core.shell:Creating package script '/home/xtal/ros2_ws/install/cpp_pubsub/share/cpp_pubsub/package.sh'
[7.813s] INFO:colcon.colcon_core.shell:Creating package script '/home/xtal/ros2_ws/install/cpp_pubsub/share/cpp_pubsub/package.bash'
[7.814s] INFO:colcon.colcon_core.shell:Creating package script '/home/xtal/ros2_ws/install/cpp_pubsub/share/cpp_pubsub/package.zsh'
[7.814s] Level 1:colcon.colcon_core.environment:create_file_with_runtime_dependencies(/home/xtal/ros2_ws/install/cpp_pubsub/share/colcon-core/packages/cpp_pubsub)
[7.814s] Level 1:colcon.colcon_core.environment:create_environment_scripts_only(cpp_pubsub)
[7.814s] Level 1:colcon.colcon_core.environment:checking '/home/xtal/ros2_ws/install/cpp_pubsub' for CMake module files
[7.815s] Level 1:colcon.colcon_core.environment:checking '/home/xtal/ros2_ws/install/cpp_pubsub' for CMake config files
[7.815s] Level 1:colcon.colcon_core.shell:create_environment_hook('cpp_pubsub', 'cmake_prefix_path')
[7.815s] INFO:colcon.colcon_core.shell:Creating environment hook '/home/xtal/ros2_ws/install/cpp_pubsub/share/cpp_pubsub/hook/cmake_prefix_path.ps1'
[7.815s] INFO:colcon.colcon_core.shell:Creating environment descriptor '/home/xtal/ros2_ws/install/cpp_pubsub/share/cpp_pubsub/hook/cmake_prefix_path.dsv'
[7.816s] INFO:colcon.colcon_core.shell:Creating environment hook '/home/xtal/ros2_ws/install/cpp_pubsub/share/cpp_pubsub/hook/cmake_prefix_path.sh'
[7.816s] Level 1:colcon.colcon_core.environment:checking '/home/xtal/ros2_ws/install/cpp_pubsub/lib'
[7.816s] Level 1:colcon.colcon_core.environment:checking '/home/xtal/ros2_ws/install/cpp_pubsub/bin'
[7.816s] Level 1:colcon.colcon_core.environment:checking '/home/xtal/ros2_ws/install/cpp_pubsub/lib/pkgconfig/cpp_pubsub.pc'
[7.816s] Level 1:colcon.colcon_core.environment:checking '/home/xtal/ros2_ws/install/cpp_pubsub/lib/python3.12/site-packages'
[7.816s] Level 1:colcon.colcon_core.environment:checking '/home/xtal/ros2_ws/install/cpp_pubsub/bin'
[7.817s] INFO:colcon.colcon_core.shell:Creating package script '/home/xtal/ros2_ws/install/cpp_pubsub/share/cpp_pubsub/package.ps1'
[7.817s] INFO:colcon.colcon_core.shell:Creating package descriptor '/home/xtal/ros2_ws/install/cpp_pubsub/share/cpp_pubsub/package.dsv'
[7.817s] INFO:colcon.colcon_core.shell:Creating package script '/home/xtal/ros2_ws/install/cpp_pubsub/share/cpp_pubsub/package.sh'
[7.818s] INFO:colcon.colcon_core.shell:Creating package script '/home/xtal/ros2_ws/install/cpp_pubsub/share/cpp_pubsub/package.bash'
[7.818s] INFO:colcon.colcon_core.shell:Creating package script '/home/xtal/ros2_ws/install/cpp_pubsub/share/cpp_pubsub/package.zsh'
[7.818s] Level 1:colcon.colcon_core.environment:create_file_with_runtime_dependencies(/home/xtal/ros2_ws/install/cpp_pubsub/share/colcon-core/packages/cpp_pubsub)
[7.818s] DEBUG:colcon.colcon_parallel_executor.executor.parallel:closing loop
[7.819s] DEBUG:colcon.colcon_parallel_executor.executor.parallel:loop closed
[7.819s] DEBUG:colcon.colcon_parallel_executor.executor.parallel:run_until_complete finished with '0'
[7.819s] DEBUG:colcon.colcon_core.event_reactor:joining thread
[7.823s] INFO:colcon.colcon_core.plugin_system:Skipping extension 'colcon_notification.desktop_notification.terminal_notifier': Not used on non-Darwin systems
[7.823s] INFO:colcon.colcon_core.plugin_system:Skipping extension 'colcon_notification.desktop_notification.win32': Not used on non-Windows systems
[7.823s] INFO:colcon.colcon_notification.desktop_notification:Sending desktop notification using 'notify2'
[7.834s] DEBUG:colcon.colcon_core.event_reactor:joined thread
[7.834s] INFO:colcon.colcon_core.shell:Creating prefix script '/home/xtal/ros2_ws/install/local_setup.ps1'
[7.835s] INFO:colcon.colcon_core.shell:Creating prefix util module '/home/xtal/ros2_ws/install/_local_setup_util_ps1.py'
[7.836s] INFO:colcon.colcon_core.shell:Creating prefix chain script '/home/xtal/ros2_ws/install/setup.ps1'
[7.837s] INFO:colcon.colcon_core.shell:Creating prefix script '/home/xtal/ros2_ws/install/local_setup.sh'
[7.837s] INFO:colcon.colcon_core.shell:Creating prefix util module '/home/xtal/ros2_ws/install/_local_setup_util_sh.py'
[7.837s] INFO:colcon.colcon_core.shell:Creating prefix chain script '/home/xtal/ros2_ws/install/setup.sh'
[7.838s] INFO:colcon.colcon_core.shell:Creating prefix script '/home/xtal/ros2_ws/install/local_setup.bash'
[7.838s] INFO:colcon.colcon_core.shell:Creating prefix chain script '/home/xtal/ros2_ws/install/setup.bash'
[7.839s] INFO:colcon.colcon_core.shell:Creating prefix script '/home/xtal/ros2_ws/install/local_setup.zsh'
[7.839s] INFO:colcon.colcon_core.shell:Creating prefix chain script '/home/xtal/ros2_ws/install/setup.zsh'
