[0.017s] Invoking command in '/home/xtal/ros2_ws/build/cpp_pubsub': CMAKE_PREFIX_PATH=${CMAKE_PREFIX_PATH}:/home/xtal/ros2_ws/install/cv_ros_bridge_python:/opt/ros/jazzy /usr/bin/cmake --build /home/xtal/ros2_ws/build/cpp_pubsub -- -j16 -l16
[0.081s] [100%] Built target listener
[0.081s] [100%] Built target talker
[0.221s] Invoked command in '/home/xtal/ros2_ws/build/cpp_pubsub' returned '0': CMAKE_PREFIX_PATH=${CMAKE_PREFIX_PATH}:/home/xtal/ros2_ws/install/cv_ros_bridge_python:/opt/ros/jazzy /usr/bin/cmake --build /home/xtal/ros2_ws/build/cpp_pubsub -- -j16 -l16
[0.222s] Invoking command in '/home/xtal/ros2_ws/build/cpp_pubsub': CMAKE_PREFIX_PATH=${CMAKE_PREFIX_PATH}:/home/xtal/ros2_ws/install/cv_ros_bridge_python:/opt/ros/jazzy /usr/bin/cmake --install /home/xtal/ros2_ws/build/cpp_pubsub
[0.229s] -- Install configuration: ""
[0.230s] -- Execute custom install script
[0.230s] -- Up-to-date symlink: /home/xtal/ros2_ws/install/cpp_pubsub/lib/cpp_pubsub/talker
[0.230s] -- Up-to-date symlink: /home/xtal/ros2_ws/install/cpp_pubsub/lib/cpp_pubsub/listener
[0.230s] -- Up-to-date symlink: /home/xtal/ros2_ws/install/cpp_pubsub/share/ament_index/resource_index/package_run_dependencies/cpp_pubsub
[0.231s] -- Up-to-date symlink: /home/xtal/ros2_ws/install/cpp_pubsub/share/ament_index/resource_index/parent_prefix_path/cpp_pubsub
[0.231s] -- Up-to-date symlink: /home/xtal/ros2_ws/install/cpp_pubsub/share/cpp_pubsub/environment/ament_prefix_path.sh
[0.231s] -- Up-to-date symlink: /home/xtal/ros2_ws/install/cpp_pubsub/share/cpp_pubsub/environment/ament_prefix_path.dsv
[0.231s] -- Up-to-date symlink: /home/xtal/ros2_ws/install/cpp_pubsub/share/cpp_pubsub/environment/path.sh
[0.231s] -- Up-to-date symlink: /home/xtal/ros2_ws/install/cpp_pubsub/share/cpp_pubsub/environment/path.dsv
[0.231s] -- Up-to-date symlink: /home/xtal/ros2_ws/install/cpp_pubsub/share/cpp_pubsub/local_setup.bash
[0.231s] -- Up-to-date symlink: /home/xtal/ros2_ws/install/cpp_pubsub/share/cpp_pubsub/local_setup.sh
[0.231s] -- Up-to-date symlink: /home/xtal/ros2_ws/install/cpp_pubsub/share/cpp_pubsub/local_setup.zsh
[0.232s] -- Up-to-date symlink: /home/xtal/ros2_ws/install/cpp_pubsub/share/cpp_pubsub/local_setup.dsv
[0.232s] -- Symlinking: /home/xtal/ros2_ws/install/cpp_pubsub/share/cpp_pubsub/package.dsv
[0.242s] -- Up-to-date symlink: /home/xtal/ros2_ws/install/cpp_pubsub/share/ament_index/resource_index/packages/cpp_pubsub
[0.243s] -- Up-to-date symlink: /home/xtal/ros2_ws/install/cpp_pubsub/share/cpp_pubsub/cmake/cpp_pubsubConfig.cmake
[0.243s] -- Up-to-date symlink: /home/xtal/ros2_ws/install/cpp_pubsub/share/cpp_pubsub/cmake/cpp_pubsubConfig-version.cmake
[0.243s] -- Up-to-date symlink: /home/xtal/ros2_ws/install/cpp_pubsub/share/cpp_pubsub/package.xml
[0.245s] Invoked command in '/home/xtal/ros2_ws/build/cpp_pubsub' returned '0': CMAKE_PREFIX_PATH=${CMAKE_PREFIX_PATH}:/home/xtal/ros2_ws/install/cv_ros_bridge_python:/opt/ros/jazzy /usr/bin/cmake --install /home/xtal/ros2_ws/build/cpp_pubsub
