[0.013s] Invoking command in '/home/xtal/ros2_ws/build/cv_ros_bridge_cpp': CMAKE_PREFIX_PATH=${CMAKE_PREFIX_PATH}:/home/xtal/ros2_ws/install/cv_ros_bridge_python:/opt/ros/jazzy /usr/bin/cmake --build /home/xtal/ros2_ws/build/cv_ros_bridge_cpp -- -j16 -l16
[0.081s] [100%] Built target cv_ros_bridge_cpp
[0.207s] Invoked command in '/home/xtal/ros2_ws/build/cv_ros_bridge_cpp' returned '0': CMAKE_PREFIX_PATH=${CMAKE_PREFIX_PATH}:/home/xtal/ros2_ws/install/cv_ros_bridge_python:/opt/ros/jazzy /usr/bin/cmake --build /home/xtal/ros2_ws/build/cv_ros_bridge_cpp -- -j16 -l16
[0.219s] Invoking command in '/home/xtal/ros2_ws/build/cv_ros_bridge_cpp': CMAKE_PREFIX_PATH=${CMAKE_PREFIX_PATH}:/home/xtal/ros2_ws/install/cv_ros_bridge_python:/opt/ros/jazzy /usr/bin/cmake --install /home/xtal/ros2_ws/build/cv_ros_bridge_cpp
[0.228s] -- Install configuration: ""
[0.229s] -- Execute custom install script
[0.229s] -- Up-to-date symlink: /home/xtal/ros2_ws/install/cv_ros_bridge_cpp/lib/cv_ros_bridge_cpp/cv_ros_bridge_cpp
[0.230s] -- Up-to-date symlink: /home/xtal/ros2_ws/install/cv_ros_bridge_cpp/share/ament_index/resource_index/package_run_dependencies/cv_ros_bridge_cpp
[0.230s] -- Up-to-date symlink: /home/xtal/ros2_ws/install/cv_ros_bridge_cpp/share/ament_index/resource_index/parent_prefix_path/cv_ros_bridge_cpp
[0.230s] -- Up-to-date symlink: /home/xtal/ros2_ws/install/cv_ros_bridge_cpp/share/cv_ros_bridge_cpp/environment/ament_prefix_path.sh
[0.230s] -- Up-to-date symlink: /home/xtal/ros2_ws/install/cv_ros_bridge_cpp/share/cv_ros_bridge_cpp/environment/ament_prefix_path.dsv
[0.231s] -- Up-to-date symlink: /home/xtal/ros2_ws/install/cv_ros_bridge_cpp/share/cv_ros_bridge_cpp/environment/path.sh
[0.231s] -- Up-to-date symlink: /home/xtal/ros2_ws/install/cv_ros_bridge_cpp/share/cv_ros_bridge_cpp/environment/path.dsv
[0.231s] -- Up-to-date symlink: /home/xtal/ros2_ws/install/cv_ros_bridge_cpp/share/cv_ros_bridge_cpp/local_setup.bash
[0.231s] -- Up-to-date symlink: /home/xtal/ros2_ws/install/cv_ros_bridge_cpp/share/cv_ros_bridge_cpp/local_setup.sh
[0.231s] -- Up-to-date symlink: /home/xtal/ros2_ws/install/cv_ros_bridge_cpp/share/cv_ros_bridge_cpp/local_setup.zsh
[0.231s] -- Up-to-date symlink: /home/xtal/ros2_ws/install/cv_ros_bridge_cpp/share/cv_ros_bridge_cpp/local_setup.dsv
[0.231s] -- Symlinking: /home/xtal/ros2_ws/install/cv_ros_bridge_cpp/share/cv_ros_bridge_cpp/package.dsv
[0.242s] -- Up-to-date symlink: /home/xtal/ros2_ws/install/cv_ros_bridge_cpp/share/ament_index/resource_index/packages/cv_ros_bridge_cpp
[0.242s] -- Up-to-date symlink: /home/xtal/ros2_ws/install/cv_ros_bridge_cpp/share/cv_ros_bridge_cpp/cmake/cv_ros_bridge_cppConfig.cmake
[0.242s] -- Up-to-date symlink: /home/xtal/ros2_ws/install/cv_ros_bridge_cpp/share/cv_ros_bridge_cpp/cmake/cv_ros_bridge_cppConfig-version.cmake
[0.242s] -- Up-to-date symlink: /home/xtal/ros2_ws/install/cv_ros_bridge_cpp/share/cv_ros_bridge_cpp/package.xml
[0.256s] Invoked command in '/home/xtal/ros2_ws/build/cv_ros_bridge_cpp' returned '0': CMAKE_PREFIX_PATH=${CMAKE_PREFIX_PATH}:/home/xtal/ros2_ws/install/cv_ros_bridge_python:/opt/ros/jazzy /usr/bin/cmake --install /home/xtal/ros2_ws/build/cv_ros_bridge_cpp
