[0.033s] Invoking command in '/home/xtal/ros2_ws/build/cpp_pubsub': CMAKE_PREFIX_PATH=${CMAKE_PREFIX_PATH}:/home/xtal/ros2_ws/install/cv_ros_bridge_python:/opt/ros/jazzy /usr/bin/cmake /home/xtal/ros2_ws/src/cpp_pubsub -DAMENT_CMAKE_SYMLINK_INSTALL=1 -DCMAKE_INSTALL_PREFIX=/home/xtal/ros2_ws/install/cpp_pubsub
[0.157s] -- The C compiler identification is GNU 13.3.0
[0.302s] -- The CXX compiler identification is GNU 13.3.0
[0.339s] -- Detecting C compiler ABI info
[0.559s] -- Detecting C compiler ABI info - done
[0.580s] -- Check for working C compiler: /usr/bin/cc - skipped
[0.582s] -- Detecting C compile features
[0.584s] -- Detecting C compile features - done
[0.602s] -- Detecting CXX compiler ABI info
[0.857s] -- Detecting CXX compiler ABI info - done
[0.877s] -- Check for working CXX compiler: /usr/bin/c++ - skipped
[0.877s] -- Detecting CXX compile features
[0.878s] -- Detecting CXX compile features - done
[0.886s] -- Found ament_cmake: 2.5.4 (/opt/ros/jazzy/share/ament_cmake/cmake)
[2.104s] -- Found Python3: /home/xtal/.pyenv/shims/python3 (found version "3.12.3") found components: Interpreter 
[2.424s] -- Override CMake install command with custom implementation using symlinks instead of copying resources
[2.510s] -- Found rclcpp: 28.1.11 (/opt/ros/jazzy/share/rclcpp/cmake)
[2.637s] -- Found rosidl_generator_c: 4.6.6 (/opt/ros/jazzy/share/rosidl_generator_c/cmake)
[2.673s] -- Found rosidl_generator_cpp: 4.6.6 (/opt/ros/jazzy/share/rosidl_generator_cpp/cmake)
[2.720s] -- Using all available rosidl_typesupport_c: rosidl_typesupport_fastrtps_c;rosidl_typesupport_introspection_c
[2.766s] -- Using all available rosidl_typesupport_cpp: rosidl_typesupport_fastrtps_cpp;rosidl_typesupport_introspection_cpp
[2.959s] -- Found rmw_implementation_cmake: 7.3.2 (/opt/ros/jazzy/share/rmw_implementation_cmake/cmake)
[2.969s] -- Found rmw_fastrtps_cpp: 8.4.3 (/opt/ros/jazzy/share/rmw_fastrtps_cpp/cmake)
[3.204s] -- Found OpenSSL: /usr/lib/x86_64-linux-gnu/libcrypto.so (found version "3.0.13")  
[3.259s] -- Found FastRTPS: /opt/ros/jazzy/include (Required is at least version "2.13") 
[3.315s] -- Using RMW implementation 'rmw_fastrtps_cpp' as default
[3.514s] -- Found std_msgs: 5.3.6 (/opt/ros/jazzy/share/std_msgs/cmake)
[3.561s] -- Found ament_lint_auto: 0.17.3 (/opt/ros/jazzy/share/ament_lint_auto/cmake)
[3.917s] -- Added test 'cppcheck' to perform static code analysis on C / C++ code
[3.917s] -- Configured cppcheck include dirs: 
[3.917s] -- Configured cppcheck exclude dirs and/or files: 
[3.919s] -- Added test 'lint_cmake' to check CMake code style
[3.924s] -- Added test 'uncrustify' to check C / C++ code style
[3.924s] -- Configured uncrustify additional arguments: 
[3.925s] -- Added test 'xmllint' to check XML markup files
[3.926s] -- Configuring done (3.9s)
[3.954s] -- Generating done (0.0s)
[3.964s] -- Build files have been written to: /home/xtal/ros2_ws/build/cpp_pubsub
[3.979s] Invoked command in '/home/xtal/ros2_ws/build/cpp_pubsub' returned '0': CMAKE_PREFIX_PATH=${CMAKE_PREFIX_PATH}:/home/xtal/ros2_ws/install/cv_ros_bridge_python:/opt/ros/jazzy /usr/bin/cmake /home/xtal/ros2_ws/src/cpp_pubsub -DAMENT_CMAKE_SYMLINK_INSTALL=1 -DCMAKE_INSTALL_PREFIX=/home/xtal/ros2_ws/install/cpp_pubsub
[3.980s] Invoking command in '/home/xtal/ros2_ws/build/cpp_pubsub': CMAKE_PREFIX_PATH=${CMAKE_PREFIX_PATH}:/home/xtal/ros2_ws/install/cv_ros_bridge_python:/opt/ros/jazzy /usr/bin/cmake --build /home/xtal/ros2_ws/build/cpp_pubsub -- -j16 -l16
[4.081s] [ 50%] [32mBuilding CXX object CMakeFiles/talker.dir/src/pub_template.cpp.o[0m
[4.081s] [ 50%] [32mBuilding CXX object CMakeFiles/listener.dir/src/sub_template.cpp.o[0m
[13.110s] [ 75%] [32m[1mLinking CXX executable talker[0m
[13.512s] [ 75%] Built target talker
[17.982s] [100%] [32m[1mLinking CXX executable listener[0m
[18.198s] [100%] Built target listener
[18.208s] Invoked command in '/home/xtal/ros2_ws/build/cpp_pubsub' returned '0': CMAKE_PREFIX_PATH=${CMAKE_PREFIX_PATH}:/home/xtal/ros2_ws/install/cv_ros_bridge_python:/opt/ros/jazzy /usr/bin/cmake --build /home/xtal/ros2_ws/build/cpp_pubsub -- -j16 -l16
[18.209s] Invoking command in '/home/xtal/ros2_ws/build/cpp_pubsub': CMAKE_PREFIX_PATH=${CMAKE_PREFIX_PATH}:/home/xtal/ros2_ws/install/cv_ros_bridge_python:/opt/ros/jazzy /usr/bin/cmake --install /home/xtal/ros2_ws/build/cpp_pubsub
[18.214s] -- Install configuration: ""
[18.215s] -- Execute custom install script
[18.215s] -- Symlinking: /home/xtal/ros2_ws/install/cpp_pubsub/lib/cpp_pubsub/talker
[18.222s] -- Symlinking: /home/xtal/ros2_ws/install/cpp_pubsub/lib/cpp_pubsub/listener
[18.230s] -- Symlinking: /home/xtal/ros2_ws/install/cpp_pubsub/share/ament_index/resource_index/package_run_dependencies/cpp_pubsub
[18.244s] -- Symlinking: /home/xtal/ros2_ws/install/cpp_pubsub/share/ament_index/resource_index/parent_prefix_path/cpp_pubsub
[18.259s] -- Symlinking: /home/xtal/ros2_ws/install/cpp_pubsub/share/cpp_pubsub/environment/ament_prefix_path.sh
[18.267s] -- Symlinking: /home/xtal/ros2_ws/install/cpp_pubsub/share/cpp_pubsub/environment/ament_prefix_path.dsv
[18.273s] -- Symlinking: /home/xtal/ros2_ws/install/cpp_pubsub/share/cpp_pubsub/environment/path.sh
[18.281s] -- Symlinking: /home/xtal/ros2_ws/install/cpp_pubsub/share/cpp_pubsub/environment/path.dsv
[18.288s] -- Symlinking: /home/xtal/ros2_ws/install/cpp_pubsub/share/cpp_pubsub/local_setup.bash
[18.295s] -- Symlinking: /home/xtal/ros2_ws/install/cpp_pubsub/share/cpp_pubsub/local_setup.sh
[18.302s] -- Symlinking: /home/xtal/ros2_ws/install/cpp_pubsub/share/cpp_pubsub/local_setup.zsh
[18.310s] -- Symlinking: /home/xtal/ros2_ws/install/cpp_pubsub/share/cpp_pubsub/local_setup.dsv
[18.317s] -- Symlinking: /home/xtal/ros2_ws/install/cpp_pubsub/share/cpp_pubsub/package.dsv
[18.324s] -- Symlinking: /home/xtal/ros2_ws/install/cpp_pubsub/share/ament_index/resource_index/packages/cpp_pubsub
[18.331s] -- Symlinking: /home/xtal/ros2_ws/install/cpp_pubsub/share/cpp_pubsub/cmake/cpp_pubsubConfig.cmake
[18.338s] -- Symlinking: /home/xtal/ros2_ws/install/cpp_pubsub/share/cpp_pubsub/cmake/cpp_pubsubConfig-version.cmake
[18.345s] -- Symlinking: /home/xtal/ros2_ws/install/cpp_pubsub/share/cpp_pubsub/package.xml
[18.360s] Invoked command in '/home/xtal/ros2_ws/build/cpp_pubsub' returned '0': CMAKE_PREFIX_PATH=${CMAKE_PREFIX_PATH}:/home/xtal/ros2_ws/install/cv_ros_bridge_python:/opt/ros/jazzy /usr/bin/cmake --install /home/xtal/ros2_ws/build/cpp_pubsub
