[0.015s] Invoking command in '/home/xtal/ros2_ws/build/cv_ros_bridge_cpp': CMAKE_PREFIX_PATH=${CMAKE_PREFIX_PATH}:/home/xtal/ros2_ws/install/cv_ros_bridge_python:/opt/ros/jazzy /usr/bin/cmake --build /home/xtal/ros2_ws/build/cv_ros_bridge_cpp -- -j16 -l16
[0.076s] [100%] Built target cv_ros_bridge_cpp
[0.204s] Invoked command in '/home/xtal/ros2_ws/build/cv_ros_bridge_cpp' returned '0': CMAKE_PREFIX_PATH=${CMAKE_PREFIX_PATH}:/home/xtal/ros2_ws/install/cv_ros_bridge_python:/opt/ros/jazzy /usr/bin/cmake --build /home/xtal/ros2_ws/build/cv_ros_bridge_cpp -- -j16 -l16
[0.216s] Invoking command in '/home/xtal/ros2_ws/build/cv_ros_bridge_cpp': CMAKE_PREFIX_PATH=${CMAKE_PREFIX_PATH}:/home/xtal/ros2_ws/install/cv_ros_bridge_python:/opt/ros/jazzy /usr/bin/cmake --install /home/xtal/ros2_ws/build/cv_ros_bridge_cpp
[0.225s] -- Install configuration: ""
[0.225s] -- Execute custom install script
[0.225s] -- Up-to-date symlink: /home/xtal/ros2_ws/install/cv_ros_bridge_cpp/lib/cv_ros_bridge_cpp/cv_ros_bridge_cpp
[0.225s] -- Up-to-date symlink: /home/xtal/ros2_ws/install/cv_ros_bridge_cpp/share/ament_index/resource_index/package_run_dependencies/cv_ros_bridge_cpp
[0.226s] -- Up-to-date symlink: /home/xtal/ros2_ws/install/cv_ros_bridge_cpp/share/ament_index/resource_index/parent_prefix_path/cv_ros_bridge_cpp
[0.226s] -- Up-to-date symlink: /home/xtal/ros2_ws/install/cv_ros_bridge_cpp/share/cv_ros_bridge_cpp/environment/ament_prefix_path.sh
[0.226s] -- Up-to-date symlink: /home/xtal/ros2_ws/install/cv_ros_bridge_cpp/share/cv_ros_bridge_cpp/environment/ament_prefix_path.dsv
[0.226s] -- Up-to-date symlink: /home/xtal/ros2_ws/install/cv_ros_bridge_cpp/share/cv_ros_bridge_cpp/environment/path.sh
[0.226s] -- Up-to-date symlink: /home/xtal/ros2_ws/install/cv_ros_bridge_cpp/share/cv_ros_bridge_cpp/environment/path.dsv
[0.226s] -- Up-to-date symlink: /home/xtal/ros2_ws/install/cv_ros_bridge_cpp/share/cv_ros_bridge_cpp/local_setup.bash
[0.227s] -- Up-to-date symlink: /home/xtal/ros2_ws/install/cv_ros_bridge_cpp/share/cv_ros_bridge_cpp/local_setup.sh
[0.227s] -- Up-to-date symlink: /home/xtal/ros2_ws/install/cv_ros_bridge_cpp/share/cv_ros_bridge_cpp/local_setup.zsh
[0.227s] -- Up-to-date symlink: /home/xtal/ros2_ws/install/cv_ros_bridge_cpp/share/cv_ros_bridge_cpp/local_setup.dsv
[0.227s] -- Symlinking: /home/xtal/ros2_ws/install/cv_ros_bridge_cpp/share/cv_ros_bridge_cpp/package.dsv
[0.238s] -- Up-to-date symlink: /home/xtal/ros2_ws/install/cv_ros_bridge_cpp/share/ament_index/resource_index/packages/cv_ros_bridge_cpp
[0.238s] -- Up-to-date symlink: /home/xtal/ros2_ws/install/cv_ros_bridge_cpp/share/cv_ros_bridge_cpp/cmake/cv_ros_bridge_cppConfig.cmake
[0.238s] -- Up-to-date symlink: /home/xtal/ros2_ws/install/cv_ros_bridge_cpp/share/cv_ros_bridge_cpp/cmake/cv_ros_bridge_cppConfig-version.cmake
[0.238s] -- Up-to-date symlink: /home/xtal/ros2_ws/install/cv_ros_bridge_cpp/share/cv_ros_bridge_cpp/package.xml
[0.253s] Invoked command in '/home/xtal/ros2_ws/build/cv_ros_bridge_cpp' returned '0': CMAKE_PREFIX_PATH=${CMAKE_PREFIX_PATH}:/home/xtal/ros2_ws/install/cv_ros_bridge_python:/opt/ros/jazzy /usr/bin/cmake --install /home/xtal/ros2_ws/build/cv_ros_bridge_cpp
