[0.081s] DEBUG:colcon:Command line arguments: ['/usr/bin/colcon', 'build', '--symlink-install']
[0.081s] DEBUG:colcon:Parsed command line arguments: Namespace(log_base=None, log_level=None, verb_name='build', build_base='build', install_base='install', merge_install=False, symlink_install=True, test_result_base=None, continue_on_error=False, executor='parallel', parallel_workers=16, event_handlers=None, ignore_user_meta=False, metas=['./colcon.meta'], base_paths=['.'], packages_ignore=None, packages_ignore_regex=None, paths=None, packages_up_to=None, packages_up_to_regex=None, packages_above=None, packages_above_and_dependencies=None, packages_above_depth=None, packages_select_by_dep=None, packages_skip_by_dep=None, packages_skip_up_to=None, packages_select_build_failed=False, packages_skip_build_finished=False, packages_select_test_failures=False, packages_skip_test_passed=False, packages_select=None, packages_skip=None, packages_select_regex=None, packages_skip_regex=None, packages_start=None, packages_end=None, allow_overriding=[], cmake_args=None, cmake_target=None, cmake_target_skip_unavailable=False, cmake_clean_cache=False, cmake_clean_first=False, cmake_force_configure=False, ament_cmake_args=None, catkin_cmake_args=None, catkin_skip_building_tests=False, mixin_files=None, mixin=None, verb_parser=<colcon_mixin.mixin.mixin_argument.MixinArgumentDecorator object at 0x75a49e7d8830>, verb_extension=<colcon_core.verb.build.BuildVerb object at 0x75a49e7758b0>, main=<bound method BuildVerb.main of <colcon_core.verb.build.BuildVerb object at 0x75a49e7758b0>>, mixin_verb=('build',))
[0.110s] Level 1:colcon.colcon_core.package_discovery:discover_packages(colcon_meta) check parameters
[0.110s] Level 1:colcon.colcon_core.package_discovery:discover_packages(recursive) check parameters
[0.110s] Level 1:colcon.colcon_core.package_discovery:discover_packages(ignore) check parameters
[0.110s] Level 1:colcon.colcon_core.package_discovery:discover_packages(path) check parameters
[0.110s] Level 1:colcon.colcon_core.package_discovery:discover_packages(colcon_meta) discover
[0.110s] Level 1:colcon.colcon_core.package_discovery:discover_packages(recursive) discover
[0.110s] INFO:colcon.colcon_core.package_discovery:Crawling recursively for packages in '/home/xtal/ros2_ws'
[0.110s] Level 1:colcon.colcon_core.package_identification:_identify(.) by extensions ['ignore', 'ignore_ament_install']
[0.111s] Level 1:colcon.colcon_core.package_identification:_identify(.) by extension 'ignore'
[0.111s] Level 1:colcon.colcon_core.package_identification:_identify(.) by extension 'ignore_ament_install'
[0.111s] Level 1:colcon.colcon_core.package_identification:_identify(.) by extensions ['colcon_pkg']
[0.111s] Level 1:colcon.colcon_core.package_identification:_identify(.) by extension 'colcon_pkg'
[0.111s] Level 1:colcon.colcon_core.package_identification:_identify(.) by extensions ['colcon_meta']
[0.111s] Level 1:colcon.colcon_core.package_identification:_identify(.) by extension 'colcon_meta'
[0.111s] Level 1:colcon.colcon_core.package_identification:_identify(.) by extensions ['ros']
[0.111s] Level 1:colcon.colcon_core.package_identification:_identify(.) by extension 'ros'
[0.129s] Level 1:colcon.colcon_core.package_identification:_identify(.) by extensions ['cmake', 'python']
[0.129s] Level 1:colcon.colcon_core.package_identification:_identify(.) by extension 'cmake'
[0.129s] Level 1:colcon.colcon_core.package_identification:_identify(.) by extension 'python'
[0.129s] Level 1:colcon.colcon_core.package_identification:_identify(.) by extensions ['python_setup_py']
[0.129s] Level 1:colcon.colcon_core.package_identification:_identify(.) by extension 'python_setup_py'
[0.129s] Level 1:colcon.colcon_core.package_identification:_identify(build) by extensions ['ignore', 'ignore_ament_install']
[0.129s] Level 1:colcon.colcon_core.package_identification:_identify(build) by extension 'ignore'
[0.129s] Level 1:colcon.colcon_core.package_identification:_identify(build) ignored
[0.129s] Level 1:colcon.colcon_core.package_identification:_identify(install) by extensions ['ignore', 'ignore_ament_install']
[0.129s] Level 1:colcon.colcon_core.package_identification:_identify(install) by extension 'ignore'
[0.129s] Level 1:colcon.colcon_core.package_identification:_identify(install) ignored
[0.129s] Level 1:colcon.colcon_core.package_identification:_identify(log) by extensions ['ignore', 'ignore_ament_install']
[0.130s] Level 1:colcon.colcon_core.package_identification:_identify(log) by extension 'ignore'
[0.130s] Level 1:colcon.colcon_core.package_identification:_identify(log) ignored
[0.130s] Level 1:colcon.colcon_core.package_identification:_identify(src) by extensions ['ignore', 'ignore_ament_install']
[0.130s] Level 1:colcon.colcon_core.package_identification:_identify(src) by extension 'ignore'
[0.130s] Level 1:colcon.colcon_core.package_identification:_identify(src) by extension 'ignore_ament_install'
[0.130s] Level 1:colcon.colcon_core.package_identification:_identify(src) by extensions ['colcon_pkg']
[0.130s] Level 1:colcon.colcon_core.package_identification:_identify(src) by extension 'colcon_pkg'
[0.130s] Level 1:colcon.colcon_core.package_identification:_identify(src) by extensions ['colcon_meta']
[0.130s] Level 1:colcon.colcon_core.package_identification:_identify(src) by extension 'colcon_meta'
[0.130s] Level 1:colcon.colcon_core.package_identification:_identify(src) by extensions ['ros']
[0.130s] Level 1:colcon.colcon_core.package_identification:_identify(src) by extension 'ros'
[0.130s] Level 1:colcon.colcon_core.package_identification:_identify(src) by extensions ['cmake', 'python']
[0.130s] Level 1:colcon.colcon_core.package_identification:_identify(src) by extension 'cmake'
[0.130s] Level 1:colcon.colcon_core.package_identification:_identify(src) by extension 'python'
[0.130s] Level 1:colcon.colcon_core.package_identification:_identify(src) by extensions ['python_setup_py']
[0.130s] Level 1:colcon.colcon_core.package_identification:_identify(src) by extension 'python_setup_py'
[0.130s] Level 1:colcon.colcon_core.package_identification:_identify(src/cpp_pubsub) by extensions ['ignore', 'ignore_ament_install']
[0.130s] Level 1:colcon.colcon_core.package_identification:_identify(src/cpp_pubsub) by extension 'ignore'
[0.130s] Level 1:colcon.colcon_core.package_identification:_identify(src/cpp_pubsub) by extension 'ignore_ament_install'
[0.130s] Level 1:colcon.colcon_core.package_identification:_identify(src/cpp_pubsub) by extensions ['colcon_pkg']
[0.130s] Level 1:colcon.colcon_core.package_identification:_identify(src/cpp_pubsub) by extension 'colcon_pkg'
[0.130s] Level 1:colcon.colcon_core.package_identification:_identify(src/cpp_pubsub) by extensions ['colcon_meta']
[0.130s] Level 1:colcon.colcon_core.package_identification:_identify(src/cpp_pubsub) by extension 'colcon_meta'
[0.130s] Level 1:colcon.colcon_core.package_identification:_identify(src/cpp_pubsub) by extensions ['ros']
[0.130s] Level 1:colcon.colcon_core.package_identification:_identify(src/cpp_pubsub) by extension 'ros'
[0.132s] DEBUG:colcon.colcon_core.package_identification:Package 'src/cpp_pubsub' with type 'ros.ament_cmake' and name 'cpp_pubsub'
[0.132s] Level 1:colcon.colcon_core.package_identification:_identify(src/cv_ros_bridge_cpp) by extensions ['ignore', 'ignore_ament_install']
[0.132s] Level 1:colcon.colcon_core.package_identification:_identify(src/cv_ros_bridge_cpp) by extension 'ignore'
[0.132s] Level 1:colcon.colcon_core.package_identification:_identify(src/cv_ros_bridge_cpp) by extension 'ignore_ament_install'
[0.132s] Level 1:colcon.colcon_core.package_identification:_identify(src/cv_ros_bridge_cpp) by extensions ['colcon_pkg']
[0.132s] Level 1:colcon.colcon_core.package_identification:_identify(src/cv_ros_bridge_cpp) by extension 'colcon_pkg'
[0.132s] Level 1:colcon.colcon_core.package_identification:_identify(src/cv_ros_bridge_cpp) by extensions ['colcon_meta']
[0.132s] Level 1:colcon.colcon_core.package_identification:_identify(src/cv_ros_bridge_cpp) by extension 'colcon_meta'
[0.132s] Level 1:colcon.colcon_core.package_identification:_identify(src/cv_ros_bridge_cpp) by extensions ['ros']
[0.132s] Level 1:colcon.colcon_core.package_identification:_identify(src/cv_ros_bridge_cpp) by extension 'ros'
[0.133s] DEBUG:colcon.colcon_core.package_identification:Package 'src/cv_ros_bridge_cpp' with type 'ros.ament_cmake' and name 'cv_ros_bridge_cpp'
[0.133s] Level 1:colcon.colcon_core.package_identification:_identify(src/cv_ros_bridge_python) by extensions ['ignore', 'ignore_ament_install']
[0.133s] Level 1:colcon.colcon_core.package_identification:_identify(src/cv_ros_bridge_python) by extension 'ignore'
[0.133s] Level 1:colcon.colcon_core.package_identification:_identify(src/cv_ros_bridge_python) by extension 'ignore_ament_install'
[0.133s] Level 1:colcon.colcon_core.package_identification:_identify(src/cv_ros_bridge_python) by extensions ['colcon_pkg']
[0.133s] Level 1:colcon.colcon_core.package_identification:_identify(src/cv_ros_bridge_python) by extension 'colcon_pkg'
[0.133s] Level 1:colcon.colcon_core.package_identification:_identify(src/cv_ros_bridge_python) by extensions ['colcon_meta']
[0.133s] Level 1:colcon.colcon_core.package_identification:_identify(src/cv_ros_bridge_python) by extension 'colcon_meta'
[0.133s] Level 1:colcon.colcon_core.package_identification:_identify(src/cv_ros_bridge_python) by extensions ['ros']
[0.133s] Level 1:colcon.colcon_core.package_identification:_identify(src/cv_ros_bridge_python) by extension 'ros'
[0.134s] DEBUG:colcon.colcon_core.package_identification:Package 'src/cv_ros_bridge_python' with type 'ros.ament_python' and name 'cv_ros_bridge_python'
[0.134s] Level 1:colcon.colcon_core.package_discovery:discover_packages(recursive) using defaults
[0.134s] Level 1:colcon.colcon_core.package_discovery:discover_packages(ignore) discover
[0.134s] Level 1:colcon.colcon_core.package_discovery:discover_packages(ignore) using defaults
[0.134s] Level 1:colcon.colcon_core.package_discovery:discover_packages(path) discover
[0.134s] Level 1:colcon.colcon_core.package_discovery:discover_packages(path) using defaults
[0.146s] Level 1:colcon.colcon_core.package_discovery:discover_packages(prefix_path) check parameters
[0.146s] Level 1:colcon.colcon_core.package_discovery:discover_packages(prefix_path) discover
[0.147s] WARNING:colcon.colcon_ros.prefix_path.ament:The path '/home/xtal/ros2_ws/install/cv_ros_bridge_python' in the environment variable AMENT_PREFIX_PATH doesn't exist
[0.147s] WARNING:colcon.colcon_ros.prefix_path.ament:The path '/home/xtal/ros2_ws/install/cv_ros_bridge_cpp' in the environment variable AMENT_PREFIX_PATH doesn't exist
[0.147s] WARNING:colcon.colcon_ros.prefix_path.ament:The path '/home/xtal/ros2_ws/install/cpp_pubsub' in the environment variable AMENT_PREFIX_PATH doesn't exist
[0.147s] WARNING:colcon.colcon_ros.prefix_path.catkin:The path '/home/xtal/ros2_ws/install/cv_ros_bridge_cpp' in the environment variable CMAKE_PREFIX_PATH doesn't exist
[0.147s] WARNING:colcon.colcon_ros.prefix_path.catkin:The path '/home/xtal/ros2_ws/install/cpp_pubsub' in the environment variable CMAKE_PREFIX_PATH doesn't exist
[0.148s] DEBUG:colcon.colcon_installed_package_information.package_discovery:Found 0 installed packages in /home/xtal/ros2_ws/install
[0.149s] DEBUG:colcon.colcon_installed_package_information.package_discovery:Found 328 installed packages in /opt/ros/jazzy
[0.150s] Level 1:colcon.colcon_core.package_discovery:discover_packages(prefix_path) using defaults
[0.206s] Level 5:colcon.colcon_core.verb:set package 'cpp_pubsub' build argument 'cmake_args' from command line to 'None'
[0.206s] Level 5:colcon.colcon_core.verb:set package 'cpp_pubsub' build argument 'cmake_target' from command line to 'None'
[0.206s] Level 5:colcon.colcon_core.verb:set package 'cpp_pubsub' build argument 'cmake_target_skip_unavailable' from command line to 'False'
[0.206s] Level 5:colcon.colcon_core.verb:set package 'cpp_pubsub' build argument 'cmake_clean_cache' from command line to 'False'
[0.206s] Level 5:colcon.colcon_core.verb:set package 'cpp_pubsub' build argument 'cmake_clean_first' from command line to 'False'
[0.206s] Level 5:colcon.colcon_core.verb:set package 'cpp_pubsub' build argument 'cmake_force_configure' from command line to 'False'
[0.206s] Level 5:colcon.colcon_core.verb:set package 'cpp_pubsub' build argument 'ament_cmake_args' from command line to 'None'
[0.206s] Level 5:colcon.colcon_core.verb:set package 'cpp_pubsub' build argument 'catkin_cmake_args' from command line to 'None'
[0.206s] Level 5:colcon.colcon_core.verb:set package 'cpp_pubsub' build argument 'catkin_skip_building_tests' from command line to 'False'
[0.206s] DEBUG:colcon.colcon_core.verb:Building package 'cpp_pubsub' with the following arguments: {'ament_cmake_args': None, 'build_base': '/home/xtal/ros2_ws/build/cpp_pubsub', 'catkin_cmake_args': None, 'catkin_skip_building_tests': False, 'cmake_args': None, 'cmake_clean_cache': False, 'cmake_clean_first': False, 'cmake_force_configure': False, 'cmake_target': None, 'cmake_target_skip_unavailable': False, 'install_base': '/home/xtal/ros2_ws/install/cpp_pubsub', 'merge_install': False, 'path': '/home/xtal/ros2_ws/src/cpp_pubsub', 'symlink_install': True, 'test_result_base': None}
[0.206s] Level 5:colcon.colcon_core.verb:set package 'cv_ros_bridge_cpp' build argument 'cmake_args' from command line to 'None'
[0.206s] Level 5:colcon.colcon_core.verb:set package 'cv_ros_bridge_cpp' build argument 'cmake_target' from command line to 'None'
[0.206s] Level 5:colcon.colcon_core.verb:set package 'cv_ros_bridge_cpp' build argument 'cmake_target_skip_unavailable' from command line to 'False'
[0.206s] Level 5:colcon.colcon_core.verb:set package 'cv_ros_bridge_cpp' build argument 'cmake_clean_cache' from command line to 'False'
[0.206s] Level 5:colcon.colcon_core.verb:set package 'cv_ros_bridge_cpp' build argument 'cmake_clean_first' from command line to 'False'
[0.206s] Level 5:colcon.colcon_core.verb:set package 'cv_ros_bridge_cpp' build argument 'cmake_force_configure' from command line to 'False'
[0.206s] Level 5:colcon.colcon_core.verb:set package 'cv_ros_bridge_cpp' build argument 'ament_cmake_args' from command line to 'None'
[0.206s] Level 5:colcon.colcon_core.verb:set package 'cv_ros_bridge_cpp' build argument 'catkin_cmake_args' from command line to 'None'
[0.206s] Level 5:colcon.colcon_core.verb:set package 'cv_ros_bridge_cpp' build argument 'catkin_skip_building_tests' from command line to 'False'
[0.206s] DEBUG:colcon.colcon_core.verb:Building package 'cv_ros_bridge_cpp' with the following arguments: {'ament_cmake_args': None, 'build_base': '/home/xtal/ros2_ws/build/cv_ros_bridge_cpp', 'catkin_cmake_args': None, 'catkin_skip_building_tests': False, 'cmake_args': None, 'cmake_clean_cache': False, 'cmake_clean_first': False, 'cmake_force_configure': False, 'cmake_target': None, 'cmake_target_skip_unavailable': False, 'install_base': '/home/xtal/ros2_ws/install/cv_ros_bridge_cpp', 'merge_install': False, 'path': '/home/xtal/ros2_ws/src/cv_ros_bridge_cpp', 'symlink_install': True, 'test_result_base': None}
[0.206s] Level 5:colcon.colcon_core.verb:set package 'cv_ros_bridge_python' build argument 'cmake_args' from command line to 'None'
[0.206s] Level 5:colcon.colcon_core.verb:set package 'cv_ros_bridge_python' build argument 'cmake_target' from command line to 'None'
[0.206s] Level 5:colcon.colcon_core.verb:set package 'cv_ros_bridge_python' build argument 'cmake_target_skip_unavailable' from command line to 'False'
[0.206s] Level 5:colcon.colcon_core.verb:set package 'cv_ros_bridge_python' build argument 'cmake_clean_cache' from command line to 'False'
[0.206s] Level 5:colcon.colcon_core.verb:set package 'cv_ros_bridge_python' build argument 'cmake_clean_first' from command line to 'False'
[0.206s] Level 5:colcon.colcon_core.verb:set package 'cv_ros_bridge_python' build argument 'cmake_force_configure' from command line to 'False'
[0.206s] Level 5:colcon.colcon_core.verb:set package 'cv_ros_bridge_python' build argument 'ament_cmake_args' from command line to 'None'
[0.206s] Level 5:colcon.colcon_core.verb:set package 'cv_ros_bridge_python' build argument 'catkin_cmake_args' from command line to 'None'
[0.207s] Level 5:colcon.colcon_core.verb:set package 'cv_ros_bridge_python' build argument 'catkin_skip_building_tests' from command line to 'False'
[0.207s] DEBUG:colcon.colcon_core.verb:Building package 'cv_ros_bridge_python' with the following arguments: {'ament_cmake_args': None, 'build_base': '/home/xtal/ros2_ws/build/cv_ros_bridge_python', 'catkin_cmake_args': None, 'catkin_skip_building_tests': False, 'cmake_args': None, 'cmake_clean_cache': False, 'cmake_clean_first': False, 'cmake_force_configure': False, 'cmake_target': None, 'cmake_target_skip_unavailable': False, 'install_base': '/home/xtal/ros2_ws/install/cv_ros_bridge_python', 'merge_install': False, 'path': '/home/xtal/ros2_ws/src/cv_ros_bridge_python', 'symlink_install': True, 'test_result_base': None}
[0.207s] INFO:colcon.colcon_core.executor:Executing jobs using 'parallel' executor
[0.207s] DEBUG:colcon.colcon_parallel_executor.executor.parallel:run_until_complete
[0.207s] INFO:colcon.colcon_ros.task.ament_cmake.build:Building ROS package in '/home/xtal/ros2_ws/src/cpp_pubsub' with build type 'ament_cmake'
[0.208s] INFO:colcon.colcon_cmake.task.cmake.build:Building CMake package in '/home/xtal/ros2_ws/src/cpp_pubsub'
[0.209s] INFO:colcon.colcon_core.plugin_system:Skipping extension 'colcon_core.shell.bat': Not used on non-Windows systems
[0.209s] INFO:colcon.colcon_core.shell:Skip shell extension 'powershell' for command environment: Not usable outside of PowerShell
[0.209s] DEBUG:colcon.colcon_core.shell:Skip shell extension 'dsv' for command environment
[0.219s] INFO:colcon.colcon_ros.task.ament_cmake.build:Building ROS package in '/home/xtal/ros2_ws/src/cv_ros_bridge_cpp' with build type 'ament_cmake'
[0.219s] INFO:colcon.colcon_cmake.task.cmake.build:Building CMake package in '/home/xtal/ros2_ws/src/cv_ros_bridge_cpp'
[0.219s] INFO:colcon.colcon_core.shell:Skip shell extension 'powershell' for command environment: Not usable outside of PowerShell
[0.219s] DEBUG:colcon.colcon_core.shell:Skip shell extension 'dsv' for command environment
[0.221s] INFO:colcon.colcon_ros.task.ament_python.build:Building ROS package in '/home/xtal/ros2_ws/src/cv_ros_bridge_python' with build type 'ament_python'
[0.221s] Level 1:colcon.colcon_core.shell:create_environment_hook('cv_ros_bridge_python', 'ament_prefix_path')
[0.222s] INFO:colcon.colcon_core.shell:Creating environment hook '/home/xtal/ros2_ws/install/cv_ros_bridge_python/share/cv_ros_bridge_python/hook/ament_prefix_path.ps1'
[0.222s] INFO:colcon.colcon_core.shell:Creating environment descriptor '/home/xtal/ros2_ws/install/cv_ros_bridge_python/share/cv_ros_bridge_python/hook/ament_prefix_path.dsv'
[0.222s] INFO:colcon.colcon_core.shell:Creating environment hook '/home/xtal/ros2_ws/install/cv_ros_bridge_python/share/cv_ros_bridge_python/hook/ament_prefix_path.sh'
[0.223s] INFO:colcon.colcon_core.shell:Skip shell extension 'powershell' for command environment: Not usable outside of PowerShell
[0.223s] DEBUG:colcon.colcon_core.shell:Skip shell extension 'dsv' for command environment
[0.241s] DEBUG:colcon.colcon_core.event_handler.log_command:Invoking command in '/home/xtal/ros2_ws/build/cpp_pubsub': CMAKE_PREFIX_PATH=${CMAKE_PREFIX_PATH}:/home/xtal/ros2_ws/install/cv_ros_bridge_python:/opt/ros/jazzy /usr/bin/cmake /home/xtal/ros2_ws/src/cpp_pubsub -DAMENT_CMAKE_SYMLINK_INSTALL=1 -DCMAKE_INSTALL_PREFIX=/home/xtal/ros2_ws/install/cpp_pubsub
[0.242s] DEBUG:colcon.colcon_core.event_handler.log_command:Invoking command in '/home/xtal/ros2_ws/build/cv_ros_bridge_cpp': CMAKE_PREFIX_PATH=${CMAKE_PREFIX_PATH}:/home/xtal/ros2_ws/install/cv_ros_bridge_python:/opt/ros/jazzy /usr/bin/cmake /home/xtal/ros2_ws/src/cv_ros_bridge_cpp -DAMENT_CMAKE_SYMLINK_INSTALL=1 -DCMAKE_INSTALL_PREFIX=/home/xtal/ros2_ws/install/cv_ros_bridge_cpp
[0.776s] INFO:colcon.colcon_core.task.python.build:Building Python package in '/home/xtal/ros2_ws/src/cv_ros_bridge_python'
[0.776s] INFO:colcon.colcon_core.shell:Skip shell extension 'powershell' for command environment: Not usable outside of PowerShell
[0.777s] DEBUG:colcon.colcon_core.shell:Skip shell extension 'dsv' for command environment
[2.337s] DEBUG:colcon.colcon_core.event_handler.log_command:Invoking command in '/home/xtal/ros2_ws/build/cv_ros_bridge_python': PYTHONPATH=/home/xtal/ros2_ws/build/cv_ros_bridge_python/prefix_override:/usr/lib/python3/dist-packages/colcon_core/task/python/colcon_distutils_commands:/home/xtal/ros2_ws/install/cv_ros_bridge_python/lib/python3.12/site-packages:${PYTHONPATH} /usr/bin/python3 -W ignore:setup.py install is deprecated -W ignore:easy_install command is deprecated setup.py develop --editable --build-directory /home/xtal/ros2_ws/build/cv_ros_bridge_python/build --no-deps symlink_data
[4.071s] Level 1:colcon.colcon_core.shell:create_environment_hook('cv_ros_bridge_python', 'pythonpath_develop')
[4.071s] INFO:colcon.colcon_core.shell:Creating environment hook '/home/xtal/ros2_ws/build/cv_ros_bridge_python/share/cv_ros_bridge_python/hook/pythonpath_develop.ps1'
[4.073s] DEBUG:colcon.colcon_core.event_handler.log_command:Invoked command in '/home/xtal/ros2_ws/build/cv_ros_bridge_python' returned '0': PYTHONPATH=/home/xtal/ros2_ws/build/cv_ros_bridge_python/prefix_override:/usr/lib/python3/dist-packages/colcon_core/task/python/colcon_distutils_commands:/home/xtal/ros2_ws/install/cv_ros_bridge_python/lib/python3.12/site-packages:${PYTHONPATH} /usr/bin/python3 -W ignore:setup.py install is deprecated -W ignore:easy_install command is deprecated setup.py develop --editable --build-directory /home/xtal/ros2_ws/build/cv_ros_bridge_python/build --no-deps symlink_data
[4.077s] INFO:colcon.colcon_core.shell:Creating environment descriptor '/home/xtal/ros2_ws/build/cv_ros_bridge_python/share/cv_ros_bridge_python/hook/pythonpath_develop.dsv'
[4.078s] INFO:colcon.colcon_core.shell:Creating environment hook '/home/xtal/ros2_ws/build/cv_ros_bridge_python/share/cv_ros_bridge_python/hook/pythonpath_develop.sh'
[4.079s] Level 1:colcon.colcon_core.environment:checking '/home/xtal/ros2_ws/install/cv_ros_bridge_python' for CMake module files
[4.080s] Level 1:colcon.colcon_core.environment:checking '/home/xtal/ros2_ws/install/cv_ros_bridge_python' for CMake config files
[4.080s] Level 1:colcon.colcon_core.environment:checking '/home/xtal/ros2_ws/install/cv_ros_bridge_python/lib'
[4.080s] Level 1:colcon.colcon_core.environment:checking '/home/xtal/ros2_ws/install/cv_ros_bridge_python/bin'
[4.080s] Level 1:colcon.colcon_core.environment:checking '/home/xtal/ros2_ws/install/cv_ros_bridge_python/lib/pkgconfig/cv_ros_bridge_python.pc'
[4.080s] Level 1:colcon.colcon_core.environment:checking '/home/xtal/ros2_ws/install/cv_ros_bridge_python/lib/python3.12/site-packages'
[4.081s] Level 1:colcon.colcon_core.shell:create_environment_hook('cv_ros_bridge_python', 'pythonpath')
[4.081s] INFO:colcon.colcon_core.shell:Creating environment hook '/home/xtal/ros2_ws/install/cv_ros_bridge_python/share/cv_ros_bridge_python/hook/pythonpath.ps1'
[4.081s] INFO:colcon.colcon_core.shell:Creating environment descriptor '/home/xtal/ros2_ws/install/cv_ros_bridge_python/share/cv_ros_bridge_python/hook/pythonpath.dsv'
[4.081s] INFO:colcon.colcon_core.shell:Creating environment hook '/home/xtal/ros2_ws/install/cv_ros_bridge_python/share/cv_ros_bridge_python/hook/pythonpath.sh'
[4.082s] Level 1:colcon.colcon_core.environment:checking '/home/xtal/ros2_ws/install/cv_ros_bridge_python/bin'
[4.082s] Level 1:colcon.colcon_core.environment:create_environment_scripts_only(cv_ros_bridge_python)
[4.084s] INFO:colcon.colcon_core.shell:Creating package script '/home/xtal/ros2_ws/install/cv_ros_bridge_python/share/cv_ros_bridge_python/package.ps1'
[4.088s] INFO:colcon.colcon_core.shell:Creating package descriptor '/home/xtal/ros2_ws/install/cv_ros_bridge_python/share/cv_ros_bridge_python/package.dsv'
[4.088s] INFO:colcon.colcon_core.shell:Creating package script '/home/xtal/ros2_ws/install/cv_ros_bridge_python/share/cv_ros_bridge_python/package.sh'
[4.088s] INFO:colcon.colcon_core.shell:Creating package script '/home/xtal/ros2_ws/install/cv_ros_bridge_python/share/cv_ros_bridge_python/package.bash'
[4.089s] INFO:colcon.colcon_core.shell:Creating package script '/home/xtal/ros2_ws/install/cv_ros_bridge_python/share/cv_ros_bridge_python/package.zsh'
[4.090s] Level 1:colcon.colcon_core.environment:create_file_with_runtime_dependencies(/home/xtal/ros2_ws/install/cv_ros_bridge_python/share/colcon-core/packages/cv_ros_bridge_python)
[4.187s] DEBUG:colcon.colcon_core.event_handler.log_command:Invoked command in '/home/xtal/ros2_ws/build/cpp_pubsub' returned '0': CMAKE_PREFIX_PATH=${CMAKE_PREFIX_PATH}:/home/xtal/ros2_ws/install/cv_ros_bridge_python:/opt/ros/jazzy /usr/bin/cmake /home/xtal/ros2_ws/src/cpp_pubsub -DAMENT_CMAKE_SYMLINK_INSTALL=1 -DCMAKE_INSTALL_PREFIX=/home/xtal/ros2_ws/install/cpp_pubsub
[4.188s] DEBUG:colcon.colcon_core.event_handler.log_command:Invoking command in '/home/xtal/ros2_ws/build/cpp_pubsub': CMAKE_PREFIX_PATH=${CMAKE_PREFIX_PATH}:/home/xtal/ros2_ws/install/cv_ros_bridge_python:/opt/ros/jazzy /usr/bin/cmake --build /home/xtal/ros2_ws/build/cpp_pubsub -- -j16 -l16
[4.374s] DEBUG:colcon.colcon_core.event_handler.log_command:Invoked command in '/home/xtal/ros2_ws/build/cv_ros_bridge_cpp' returned '0': CMAKE_PREFIX_PATH=${CMAKE_PREFIX_PATH}:/home/xtal/ros2_ws/install/cv_ros_bridge_python:/opt/ros/jazzy /usr/bin/cmake /home/xtal/ros2_ws/src/cv_ros_bridge_cpp -DAMENT_CMAKE_SYMLINK_INSTALL=1 -DCMAKE_INSTALL_PREFIX=/home/xtal/ros2_ws/install/cv_ros_bridge_cpp
[4.375s] DEBUG:colcon.colcon_core.event_handler.log_command:Invoking command in '/home/xtal/ros2_ws/build/cv_ros_bridge_cpp': CMAKE_PREFIX_PATH=${CMAKE_PREFIX_PATH}:/home/xtal/ros2_ws/install/cv_ros_bridge_python:/opt/ros/jazzy /usr/bin/cmake --build /home/xtal/ros2_ws/build/cv_ros_bridge_cpp -- -j16 -l16
[17.735s] DEBUG:colcon.colcon_core.event_handler.log_command:Invoked command in '/home/xtal/ros2_ws/build/cv_ros_bridge_cpp' returned '0': CMAKE_PREFIX_PATH=${CMAKE_PREFIX_PATH}:/home/xtal/ros2_ws/install/cv_ros_bridge_python:/opt/ros/jazzy /usr/bin/cmake --build /home/xtal/ros2_ws/build/cv_ros_bridge_cpp -- -j16 -l16
[17.749s] DEBUG:colcon.colcon_core.event_handler.log_command:Invoking command in '/home/xtal/ros2_ws/build/cv_ros_bridge_cpp': CMAKE_PREFIX_PATH=${CMAKE_PREFIX_PATH}:/home/xtal/ros2_ws/install/cv_ros_bridge_python:/opt/ros/jazzy /usr/bin/cmake --install /home/xtal/ros2_ws/build/cv_ros_bridge_cpp
[18.027s] Level 1:colcon.colcon_core.environment:create_environment_scripts_only(cv_ros_bridge_cpp)
[18.027s] Level 1:colcon.colcon_core.environment:checking '/home/xtal/ros2_ws/install/cv_ros_bridge_cpp' for CMake module files
[18.027s] DEBUG:colcon.colcon_core.event_handler.log_command:Invoked command in '/home/xtal/ros2_ws/build/cv_ros_bridge_cpp' returned '0': CMAKE_PREFIX_PATH=${CMAKE_PREFIX_PATH}:/home/xtal/ros2_ws/install/cv_ros_bridge_python:/opt/ros/jazzy /usr/bin/cmake --install /home/xtal/ros2_ws/build/cv_ros_bridge_cpp
[18.028s] Level 1:colcon.colcon_core.environment:checking '/home/xtal/ros2_ws/install/cv_ros_bridge_cpp' for CMake config files
[18.028s] Level 1:colcon.colcon_core.shell:create_environment_hook('cv_ros_bridge_cpp', 'cmake_prefix_path')
[18.028s] INFO:colcon.colcon_core.shell:Creating environment hook '/home/xtal/ros2_ws/install/cv_ros_bridge_cpp/share/cv_ros_bridge_cpp/hook/cmake_prefix_path.ps1'
[18.028s] INFO:colcon.colcon_core.shell:Creating environment descriptor '/home/xtal/ros2_ws/install/cv_ros_bridge_cpp/share/cv_ros_bridge_cpp/hook/cmake_prefix_path.dsv'
[18.029s] INFO:colcon.colcon_core.shell:Creating environment hook '/home/xtal/ros2_ws/install/cv_ros_bridge_cpp/share/cv_ros_bridge_cpp/hook/cmake_prefix_path.sh'
[18.033s] Level 1:colcon.colcon_core.environment:checking '/home/xtal/ros2_ws/install/cv_ros_bridge_cpp/lib'
[18.034s] Level 1:colcon.colcon_core.environment:checking '/home/xtal/ros2_ws/install/cv_ros_bridge_cpp/bin'
[18.034s] Level 1:colcon.colcon_core.environment:checking '/home/xtal/ros2_ws/install/cv_ros_bridge_cpp/lib/pkgconfig/cv_ros_bridge_cpp.pc'
[18.035s] Level 1:colcon.colcon_core.environment:checking '/home/xtal/ros2_ws/install/cv_ros_bridge_cpp/lib/python3.12/site-packages'
[18.035s] Level 1:colcon.colcon_core.environment:checking '/home/xtal/ros2_ws/install/cv_ros_bridge_cpp/bin'
[18.035s] INFO:colcon.colcon_core.shell:Creating package script '/home/xtal/ros2_ws/install/cv_ros_bridge_cpp/share/cv_ros_bridge_cpp/package.ps1'
[18.035s] INFO:colcon.colcon_core.shell:Creating package descriptor '/home/xtal/ros2_ws/install/cv_ros_bridge_cpp/share/cv_ros_bridge_cpp/package.dsv'
[18.036s] INFO:colcon.colcon_core.shell:Creating package script '/home/xtal/ros2_ws/install/cv_ros_bridge_cpp/share/cv_ros_bridge_cpp/package.sh'
[18.036s] INFO:colcon.colcon_core.shell:Creating package script '/home/xtal/ros2_ws/install/cv_ros_bridge_cpp/share/cv_ros_bridge_cpp/package.bash'
[18.036s] INFO:colcon.colcon_core.shell:Creating package script '/home/xtal/ros2_ws/install/cv_ros_bridge_cpp/share/cv_ros_bridge_cpp/package.zsh'
[18.036s] Level 1:colcon.colcon_core.environment:create_file_with_runtime_dependencies(/home/xtal/ros2_ws/install/cv_ros_bridge_cpp/share/colcon-core/packages/cv_ros_bridge_cpp)
[18.037s] Level 1:colcon.colcon_core.environment:create_environment_scripts_only(cv_ros_bridge_cpp)
[18.037s] Level 1:colcon.colcon_core.environment:checking '/home/xtal/ros2_ws/install/cv_ros_bridge_cpp' for CMake module files
[18.037s] Level 1:colcon.colcon_core.environment:checking '/home/xtal/ros2_ws/install/cv_ros_bridge_cpp' for CMake config files
[18.037s] Level 1:colcon.colcon_core.shell:create_environment_hook('cv_ros_bridge_cpp', 'cmake_prefix_path')
[18.038s] INFO:colcon.colcon_core.shell:Creating environment hook '/home/xtal/ros2_ws/install/cv_ros_bridge_cpp/share/cv_ros_bridge_cpp/hook/cmake_prefix_path.ps1'
[18.043s] INFO:colcon.colcon_core.shell:Creating environment descriptor '/home/xtal/ros2_ws/install/cv_ros_bridge_cpp/share/cv_ros_bridge_cpp/hook/cmake_prefix_path.dsv'
[18.044s] INFO:colcon.colcon_core.shell:Creating environment hook '/home/xtal/ros2_ws/install/cv_ros_bridge_cpp/share/cv_ros_bridge_cpp/hook/cmake_prefix_path.sh'
[18.044s] Level 1:colcon.colcon_core.environment:checking '/home/xtal/ros2_ws/install/cv_ros_bridge_cpp/lib'
[18.044s] Level 1:colcon.colcon_core.environment:checking '/home/xtal/ros2_ws/install/cv_ros_bridge_cpp/bin'
[18.044s] Level 1:colcon.colcon_core.environment:checking '/home/xtal/ros2_ws/install/cv_ros_bridge_cpp/lib/pkgconfig/cv_ros_bridge_cpp.pc'
[18.044s] Level 1:colcon.colcon_core.environment:checking '/home/xtal/ros2_ws/install/cv_ros_bridge_cpp/lib/python3.12/site-packages'
[18.044s] Level 1:colcon.colcon_core.environment:checking '/home/xtal/ros2_ws/install/cv_ros_bridge_cpp/bin'
[18.045s] INFO:colcon.colcon_core.shell:Creating package script '/home/xtal/ros2_ws/install/cv_ros_bridge_cpp/share/cv_ros_bridge_cpp/package.ps1'
[18.045s] INFO:colcon.colcon_core.shell:Creating package descriptor '/home/xtal/ros2_ws/install/cv_ros_bridge_cpp/share/cv_ros_bridge_cpp/package.dsv'
[18.045s] INFO:colcon.colcon_core.shell:Creating package script '/home/xtal/ros2_ws/install/cv_ros_bridge_cpp/share/cv_ros_bridge_cpp/package.sh'
[18.045s] INFO:colcon.colcon_core.shell:Creating package script '/home/xtal/ros2_ws/install/cv_ros_bridge_cpp/share/cv_ros_bridge_cpp/package.bash'
[18.046s] INFO:colcon.colcon_core.shell:Creating package script '/home/xtal/ros2_ws/install/cv_ros_bridge_cpp/share/cv_ros_bridge_cpp/package.zsh'
[18.046s] Level 1:colcon.colcon_core.environment:create_file_with_runtime_dependencies(/home/xtal/ros2_ws/install/cv_ros_bridge_cpp/share/colcon-core/packages/cv_ros_bridge_cpp)
[18.416s] DEBUG:colcon.colcon_core.event_handler.log_command:Invoked command in '/home/xtal/ros2_ws/build/cpp_pubsub' returned '0': CMAKE_PREFIX_PATH=${CMAKE_PREFIX_PATH}:/home/xtal/ros2_ws/install/cv_ros_bridge_python:/opt/ros/jazzy /usr/bin/cmake --build /home/xtal/ros2_ws/build/cpp_pubsub -- -j16 -l16
[18.416s] DEBUG:colcon.colcon_core.event_handler.log_command:Invoking command in '/home/xtal/ros2_ws/build/cpp_pubsub': CMAKE_PREFIX_PATH=${CMAKE_PREFIX_PATH}:/home/xtal/ros2_ws/install/cv_ros_bridge_python:/opt/ros/jazzy /usr/bin/cmake --install /home/xtal/ros2_ws/build/cpp_pubsub
[18.568s] Level 1:colcon.colcon_core.environment:create_environment_scripts_only(cpp_pubsub)
[18.568s] DEBUG:colcon.colcon_core.event_handler.log_command:Invoked command in '/home/xtal/ros2_ws/build/cpp_pubsub' returned '0': CMAKE_PREFIX_PATH=${CMAKE_PREFIX_PATH}:/home/xtal/ros2_ws/install/cv_ros_bridge_python:/opt/ros/jazzy /usr/bin/cmake --install /home/xtal/ros2_ws/build/cpp_pubsub
[18.569s] Level 1:colcon.colcon_core.environment:checking '/home/xtal/ros2_ws/install/cpp_pubsub' for CMake module files
[18.569s] Level 1:colcon.colcon_core.environment:checking '/home/xtal/ros2_ws/install/cpp_pubsub' for CMake config files
[18.569s] Level 1:colcon.colcon_core.shell:create_environment_hook('cpp_pubsub', 'cmake_prefix_path')
[18.569s] INFO:colcon.colcon_core.shell:Creating environment hook '/home/xtal/ros2_ws/install/cpp_pubsub/share/cpp_pubsub/hook/cmake_prefix_path.ps1'
[18.570s] INFO:colcon.colcon_core.shell:Creating environment descriptor '/home/xtal/ros2_ws/install/cpp_pubsub/share/cpp_pubsub/hook/cmake_prefix_path.dsv'
[18.570s] INFO:colcon.colcon_core.shell:Creating environment hook '/home/xtal/ros2_ws/install/cpp_pubsub/share/cpp_pubsub/hook/cmake_prefix_path.sh'
[18.570s] Level 1:colcon.colcon_core.environment:checking '/home/xtal/ros2_ws/install/cpp_pubsub/lib'
[18.570s] Level 1:colcon.colcon_core.environment:checking '/home/xtal/ros2_ws/install/cpp_pubsub/bin'
[18.570s] Level 1:colcon.colcon_core.environment:checking '/home/xtal/ros2_ws/install/cpp_pubsub/lib/pkgconfig/cpp_pubsub.pc'
[18.571s] Level 1:colcon.colcon_core.environment:checking '/home/xtal/ros2_ws/install/cpp_pubsub/lib/python3.12/site-packages'
[18.571s] Level 1:colcon.colcon_core.environment:checking '/home/xtal/ros2_ws/install/cpp_pubsub/bin'
[18.571s] INFO:colcon.colcon_core.shell:Creating package script '/home/xtal/ros2_ws/install/cpp_pubsub/share/cpp_pubsub/package.ps1'
[18.571s] INFO:colcon.colcon_core.shell:Creating package descriptor '/home/xtal/ros2_ws/install/cpp_pubsub/share/cpp_pubsub/package.dsv'
[18.571s] INFO:colcon.colcon_core.shell:Creating package script '/home/xtal/ros2_ws/install/cpp_pubsub/share/cpp_pubsub/package.sh'
[18.572s] INFO:colcon.colcon_core.shell:Creating package script '/home/xtal/ros2_ws/install/cpp_pubsub/share/cpp_pubsub/package.bash'
[18.572s] INFO:colcon.colcon_core.shell:Creating package script '/home/xtal/ros2_ws/install/cpp_pubsub/share/cpp_pubsub/package.zsh'
[18.572s] Level 1:colcon.colcon_core.environment:create_file_with_runtime_dependencies(/home/xtal/ros2_ws/install/cpp_pubsub/share/colcon-core/packages/cpp_pubsub)
[18.572s] Level 1:colcon.colcon_core.environment:create_environment_scripts_only(cpp_pubsub)
[18.572s] Level 1:colcon.colcon_core.environment:checking '/home/xtal/ros2_ws/install/cpp_pubsub' for CMake module files
[18.573s] Level 1:colcon.colcon_core.environment:checking '/home/xtal/ros2_ws/install/cpp_pubsub' for CMake config files
[18.573s] Level 1:colcon.colcon_core.shell:create_environment_hook('cpp_pubsub', 'cmake_prefix_path')
[18.573s] INFO:colcon.colcon_core.shell:Creating environment hook '/home/xtal/ros2_ws/install/cpp_pubsub/share/cpp_pubsub/hook/cmake_prefix_path.ps1'
[18.573s] INFO:colcon.colcon_core.shell:Creating environment descriptor '/home/xtal/ros2_ws/install/cpp_pubsub/share/cpp_pubsub/hook/cmake_prefix_path.dsv'
[18.574s] INFO:colcon.colcon_core.shell:Creating environment hook '/home/xtal/ros2_ws/install/cpp_pubsub/share/cpp_pubsub/hook/cmake_prefix_path.sh'
[18.574s] Level 1:colcon.colcon_core.environment:checking '/home/xtal/ros2_ws/install/cpp_pubsub/lib'
[18.574s] Level 1:colcon.colcon_core.environment:checking '/home/xtal/ros2_ws/install/cpp_pubsub/bin'
[18.574s] Level 1:colcon.colcon_core.environment:checking '/home/xtal/ros2_ws/install/cpp_pubsub/lib/pkgconfig/cpp_pubsub.pc'
[18.574s] Level 1:colcon.colcon_core.environment:checking '/home/xtal/ros2_ws/install/cpp_pubsub/lib/python3.12/site-packages'
[18.574s] Level 1:colcon.colcon_core.environment:checking '/home/xtal/ros2_ws/install/cpp_pubsub/bin'
[18.574s] INFO:colcon.colcon_core.shell:Creating package script '/home/xtal/ros2_ws/install/cpp_pubsub/share/cpp_pubsub/package.ps1'
[18.575s] INFO:colcon.colcon_core.shell:Creating package descriptor '/home/xtal/ros2_ws/install/cpp_pubsub/share/cpp_pubsub/package.dsv'
[18.575s] INFO:colcon.colcon_core.shell:Creating package script '/home/xtal/ros2_ws/install/cpp_pubsub/share/cpp_pubsub/package.sh'
[18.575s] INFO:colcon.colcon_core.shell:Creating package script '/home/xtal/ros2_ws/install/cpp_pubsub/share/cpp_pubsub/package.bash'
[18.576s] INFO:colcon.colcon_core.shell:Creating package script '/home/xtal/ros2_ws/install/cpp_pubsub/share/cpp_pubsub/package.zsh'
[18.576s] Level 1:colcon.colcon_core.environment:create_file_with_runtime_dependencies(/home/xtal/ros2_ws/install/cpp_pubsub/share/colcon-core/packages/cpp_pubsub)
[18.576s] DEBUG:colcon.colcon_parallel_executor.executor.parallel:closing loop
[18.576s] DEBUG:colcon.colcon_parallel_executor.executor.parallel:loop closed
[18.576s] DEBUG:colcon.colcon_parallel_executor.executor.parallel:run_until_complete finished with '0'
[18.576s] DEBUG:colcon.colcon_core.event_reactor:joining thread
[18.580s] INFO:colcon.colcon_core.plugin_system:Skipping extension 'colcon_notification.desktop_notification.terminal_notifier': Not used on non-Darwin systems
[18.580s] INFO:colcon.colcon_core.plugin_system:Skipping extension 'colcon_notification.desktop_notification.win32': Not used on non-Windows systems
[18.580s] INFO:colcon.colcon_notification.desktop_notification:Sending desktop notification using 'notify2'
[18.595s] DEBUG:colcon.colcon_core.event_reactor:joined thread
[18.596s] INFO:colcon.colcon_core.shell:Creating prefix script '/home/xtal/ros2_ws/install/local_setup.ps1'
[18.596s] INFO:colcon.colcon_core.shell:Creating prefix util module '/home/xtal/ros2_ws/install/_local_setup_util_ps1.py'
[18.597s] INFO:colcon.colcon_core.shell:Creating prefix chain script '/home/xtal/ros2_ws/install/setup.ps1'
[18.598s] INFO:colcon.colcon_core.shell:Creating prefix script '/home/xtal/ros2_ws/install/local_setup.sh'
[18.598s] INFO:colcon.colcon_core.shell:Creating prefix util module '/home/xtal/ros2_ws/install/_local_setup_util_sh.py'
[18.598s] INFO:colcon.colcon_core.shell:Creating prefix chain script '/home/xtal/ros2_ws/install/setup.sh'
[18.599s] INFO:colcon.colcon_core.shell:Creating prefix script '/home/xtal/ros2_ws/install/local_setup.bash'
[18.599s] INFO:colcon.colcon_core.shell:Creating prefix chain script '/home/xtal/ros2_ws/install/setup.bash'
[18.604s] INFO:colcon.colcon_core.shell:Creating prefix script '/home/xtal/ros2_ws/install/local_setup.zsh'
[18.607s] INFO:colcon.colcon_core.shell:Creating prefix chain script '/home/xtal/ros2_ws/install/setup.zsh'
