running develop
running egg_info
creating cv_ros_bridge_python.egg-info
writing cv_ros_bridge_python.egg-info/PKG-INFO
writing dependency_links to cv_ros_bridge_python.egg-info/dependency_links.txt
writing entry points to cv_ros_bridge_python.egg-info/entry_points.txt
writing requirements to cv_ros_bridge_python.egg-info/requires.txt
writing top-level names to cv_ros_bridge_python.egg-info/top_level.txt
writing manifest file 'cv_ros_bridge_python.egg-info/SOURCES.txt'
reading manifest file 'cv_ros_bridge_python.egg-info/SOURCES.txt'
writing manifest file 'cv_ros_bridge_python.egg-info/SOURCES.txt'
running build_ext
Creating /home/xtal/ros2_ws/install/cv_ros_bridge_python/lib/python3.12/site-packages/cv-ros-bridge-python.egg-link (link to .)
Installing opencv_bridge script to /home/xtal/ros2_ws/install/cv_ros_bridge_python/lib/cv_ros_bridge_python
Installing opencv_bridge_image script to /home/xtal/ros2_ws/install/cv_ros_bridge_python/lib/cv_ros_bridge_python

Installed /home/xtal/ros2_ws/build/cv_ros_bridge_python
running symlink_data
creating /home/xtal/ros2_ws/install/cv_ros_bridge_python/share/ament_index
creating /home/xtal/ros2_ws/install/cv_ros_bridge_python/share/ament_index/resource_index
creating /home/xtal/ros2_ws/install/cv_ros_bridge_python/share/ament_index/resource_index/packages
symbolically linking /home/xtal/ros2_ws/build/cv_ros_bridge_python/resource/cv_ros_bridge_python -> /home/xtal/ros2_ws/install/cv_ros_bridge_python/share/ament_index/resource_index/packages
symbolically linking /home/xtal/ros2_ws/build/cv_ros_bridge_python/package.xml -> /home/xtal/ros2_ws/install/cv_ros_bridge_python/share/cv_ros_bridge_python
