-- The C compiler identification is GNU 13.3.0
-- The CXX compiler identification is GNU 13.3.0
-- Detecting C compiler ABI info
-- Detecting C compiler ABI info - done
-- Check for working C compiler: /usr/bin/cc - skipped
-- Detecting C compile features
-- Detecting C compile features - done
-- Detecting CXX compiler ABI info
-- Detecting CXX compiler ABI info - done
-- Check for working CXX compiler: /usr/bin/c++ - skipped
-- Detecting CXX compile features
-- Detecting CXX compile features - done
-- Found ament_cmake: 2.5.4 (/opt/ros/jazzy/share/ament_cmake/cmake)
-- Found Python3: /home/xtal/.pyenv/shims/python3 (found version "3.12.3") found components: Interpreter 
-- Override CMake install command with custom implementation using symlinks instead of copying resources
-- Found sensor_msgs: 5.3.6 (/opt/ros/jazzy/share/sensor_msgs/cmake)
-- Found rosidl_generator_c: 4.6.6 (/opt/ros/jazzy/share/rosidl_generator_c/cmake)
-- Found rosidl_generator_cpp: 4.6.6 (/opt/ros/jazzy/share/rosidl_generator_cpp/cmake)
-- Using all available rosidl_typesupport_c: rosidl_typesupport_fastrtps_c;rosidl_typesupport_introspection_c
-- Using all available rosidl_typesupport_cpp: rosidl_typesupport_fastrtps_cpp;rosidl_typesupport_introspection_cpp
-- Found cv_bridge: 4.1.0 (/opt/ros/jazzy/share/cv_bridge/cmake)
-- Found rmw_implementation_cmake: 7.3.2 (/opt/ros/jazzy/share/rmw_implementation_cmake/cmake)
-- Found rmw_fastrtps_cpp: 8.4.3 (/opt/ros/jazzy/share/rmw_fastrtps_cpp/cmake)
-- Found OpenSSL: /usr/lib/x86_64-linux-gnu/libcrypto.so (found version "3.0.13")  
-- Found FastRTPS: /opt/ros/jazzy/include (Required is at least version "2.13") 
-- Using RMW implementation 'rmw_fastrtps_cpp' as default
-- Found image_transport: 5.1.7 (/opt/ros/jazzy/share/image_transport/cmake)
-- Found ament_lint_auto: 0.17.3 (/opt/ros/jazzy/share/ament_lint_auto/cmake)
-- Added test 'cppcheck' to perform static code analysis on C / C++ code
-- Configured cppcheck include dirs: 
-- Configured cppcheck exclude dirs and/or files: 
-- Added test 'lint_cmake' to check CMake code style
-- Added test 'uncrustify' to check C / C++ code style
-- Configured uncrustify additional arguments: 
-- Added test 'xmllint' to check XML markup files
-- Configuring done (4.1s)
-- Generating done (0.0s)
-- Build files have been written to: /home/xtal/ros2_ws/build/cv_ros_bridge_cpp
[ 50%] [32mBuilding CXX object CMakeFiles/cv_ros_bridge_cpp.dir/src/cv_ros_bridge.cpp.o[0m
[100%] [32m[1mLinking CXX executable cv_ros_bridge_cpp[0m
[100%] Built target cv_ros_bridge_cpp
-- Install configuration: ""
-- Execute custom install script
-- Symlinking: /home/xtal/ros2_ws/install/cv_ros_bridge_cpp/lib/cv_ros_bridge_cpp/cv_ros_bridge_cpp
-- Symlinking: /home/xtal/ros2_ws/install/cv_ros_bridge_cpp/share/ament_index/resource_index/package_run_dependencies/cv_ros_bridge_cpp
-- Symlinking: /home/xtal/ros2_ws/install/cv_ros_bridge_cpp/share/ament_index/resource_index/parent_prefix_path/cv_ros_bridge_cpp
-- Symlinking: /home/xtal/ros2_ws/install/cv_ros_bridge_cpp/share/cv_ros_bridge_cpp/environment/ament_prefix_path.sh
-- Symlinking: /home/xtal/ros2_ws/install/cv_ros_bridge_cpp/share/cv_ros_bridge_cpp/environment/ament_prefix_path.dsv
-- Symlinking: /home/xtal/ros2_ws/install/cv_ros_bridge_cpp/share/cv_ros_bridge_cpp/environment/path.sh
-- Symlinking: /home/xtal/ros2_ws/install/cv_ros_bridge_cpp/share/cv_ros_bridge_cpp/environment/path.dsv
-- Symlinking: /home/xtal/ros2_ws/install/cv_ros_bridge_cpp/share/cv_ros_bridge_cpp/local_setup.bash
-- Symlinking: /home/xtal/ros2_ws/install/cv_ros_bridge_cpp/share/cv_ros_bridge_cpp/local_setup.sh
-- Symlinking: /home/xtal/ros2_ws/install/cv_ros_bridge_cpp/share/cv_ros_bridge_cpp/local_setup.zsh
-- Symlinking: /home/xtal/ros2_ws/install/cv_ros_bridge_cpp/share/cv_ros_bridge_cpp/local_setup.dsv
-- Symlinking: /home/xtal/ros2_ws/install/cv_ros_bridge_cpp/share/cv_ros_bridge_cpp/package.dsv
-- Symlinking: /home/xtal/ros2_ws/install/cv_ros_bridge_cpp/share/ament_index/resource_index/packages/cv_ros_bridge_cpp
-- Symlinking: /home/xtal/ros2_ws/install/cv_ros_bridge_cpp/share/cv_ros_bridge_cpp/cmake/cv_ros_bridge_cppConfig.cmake
-- Symlinking: /home/xtal/ros2_ws/install/cv_ros_bridge_cpp/share/cv_ros_bridge_cpp/cmake/cv_ros_bridge_cppConfig-version.cmake
-- Symlinking: /home/xtal/ros2_ws/install/cv_ros_bridge_cpp/share/cv_ros_bridge_cpp/package.xml
