[0.022s] Invoking command in '/home/xtal/ros2_ws/build/cv_ros_bridge_cpp': CMAKE_PREFIX_PATH=${CMAKE_PREFIX_PATH}:/home/xtal/ros2_ws/install/cv_ros_bridge_python:/opt/ros/jazzy /usr/bin/cmake /home/xtal/ros2_ws/src/cv_ros_bridge_cpp -DAMENT_CMAKE_SYMLINK_INSTALL=1 -DCMAKE_INSTALL_PREFIX=/home/xtal/ros2_ws/install/cv_ros_bridge_cpp
[0.153s] -- The C compiler identification is GNU 13.3.0
[0.290s] -- The CXX compiler identification is GNU 13.3.0
[0.327s] -- Detecting C compiler ABI info
[0.547s] -- Detecting C compiler ABI info - done
[0.567s] -- Check for working C compiler: /usr/bin/cc - skipped
[0.569s] -- Detecting C compile features
[0.572s] -- Detecting C compile features - done
[0.590s] -- Detecting CXX compiler ABI info
[0.838s] -- Detecting CXX compiler ABI info - done
[0.858s] -- Check for working CXX compiler: /usr/bin/c++ - skipped
[0.861s] -- Detecting CXX compile features
[0.864s] -- Detecting CXX compile features - done
[0.867s] -- Found ament_cmake: 2.5.4 (/opt/ros/jazzy/share/ament_cmake/cmake)
[2.093s] -- Found Python3: /home/xtal/.pyenv/shims/python3 (found version "3.12.3") found components: Interpreter 
[2.412s] -- Override CMake install command with custom implementation using symlinks instead of copying resources
[2.497s] -- Found sensor_msgs: 5.3.6 (/opt/ros/jazzy/share/sensor_msgs/cmake)
[2.625s] -- Found rosidl_generator_c: 4.6.6 (/opt/ros/jazzy/share/rosidl_generator_c/cmake)
[2.661s] -- Found rosidl_generator_cpp: 4.6.6 (/opt/ros/jazzy/share/rosidl_generator_cpp/cmake)
[2.708s] -- Using all available rosidl_typesupport_c: rosidl_typesupport_fastrtps_c;rosidl_typesupport_introspection_c
[2.755s] -- Using all available rosidl_typesupport_cpp: rosidl_typesupport_fastrtps_cpp;rosidl_typesupport_introspection_cpp
[2.974s] -- Found cv_bridge: 4.1.0 (/opt/ros/jazzy/share/cv_bridge/cmake)
[3.141s] -- Found rmw_implementation_cmake: 7.3.2 (/opt/ros/jazzy/share/rmw_implementation_cmake/cmake)
[3.152s] -- Found rmw_fastrtps_cpp: 8.4.3 (/opt/ros/jazzy/share/rmw_fastrtps_cpp/cmake)
[3.360s] -- Found OpenSSL: /usr/lib/x86_64-linux-gnu/libcrypto.so (found version "3.0.13")  
[3.431s] -- Found FastRTPS: /opt/ros/jazzy/include (Required is at least version "2.13") 
[3.498s] -- Using RMW implementation 'rmw_fastrtps_cpp' as default
[3.690s] -- Found image_transport: 5.1.7 (/opt/ros/jazzy/share/image_transport/cmake)
[3.759s] -- Found ament_lint_auto: 0.17.3 (/opt/ros/jazzy/share/ament_lint_auto/cmake)
[4.081s] -- Added test 'cppcheck' to perform static code analysis on C / C++ code
[4.083s] -- Configured cppcheck include dirs: 
[4.084s] -- Configured cppcheck exclude dirs and/or files: 
[4.087s] -- Added test 'lint_cmake' to check CMake code style
[4.088s] -- Added test 'uncrustify' to check C / C++ code style
[4.088s] -- Configured uncrustify additional arguments: 
[4.088s] -- Added test 'xmllint' to check XML markup files
[4.090s] -- Configuring done (4.1s)
[4.118s] -- Generating done (0.0s)
[4.127s] -- Build files have been written to: /home/xtal/ros2_ws/build/cv_ros_bridge_cpp
[4.154s] Invoked command in '/home/xtal/ros2_ws/build/cv_ros_bridge_cpp' returned '0': CMAKE_PREFIX_PATH=${CMAKE_PREFIX_PATH}:/home/xtal/ros2_ws/install/cv_ros_bridge_python:/opt/ros/jazzy /usr/bin/cmake /home/xtal/ros2_ws/src/cv_ros_bridge_cpp -DAMENT_CMAKE_SYMLINK_INSTALL=1 -DCMAKE_INSTALL_PREFIX=/home/xtal/ros2_ws/install/cv_ros_bridge_cpp
[4.155s] Invoking command in '/home/xtal/ros2_ws/build/cv_ros_bridge_cpp': CMAKE_PREFIX_PATH=${CMAKE_PREFIX_PATH}:/home/xtal/ros2_ws/install/cv_ros_bridge_python:/opt/ros/jazzy /usr/bin/cmake --build /home/xtal/ros2_ws/build/cv_ros_bridge_cpp -- -j16 -l16
[4.280s] [ 50%] [32mBuilding CXX object CMakeFiles/cv_ros_bridge_cpp.dir/src/cv_ros_bridge.cpp.o[0m
[16.802s] [100%] [32m[1mLinking CXX executable cv_ros_bridge_cpp[0m
[17.489s] [100%] Built target cv_ros_bridge_cpp
[17.515s] Invoked command in '/home/xtal/ros2_ws/build/cv_ros_bridge_cpp' returned '0': CMAKE_PREFIX_PATH=${CMAKE_PREFIX_PATH}:/home/xtal/ros2_ws/install/cv_ros_bridge_python:/opt/ros/jazzy /usr/bin/cmake --build /home/xtal/ros2_ws/build/cv_ros_bridge_cpp -- -j16 -l16
[17.530s] Invoking command in '/home/xtal/ros2_ws/build/cv_ros_bridge_cpp': CMAKE_PREFIX_PATH=${CMAKE_PREFIX_PATH}:/home/xtal/ros2_ws/install/cv_ros_bridge_python:/opt/ros/jazzy /usr/bin/cmake --install /home/xtal/ros2_ws/build/cv_ros_bridge_cpp
[17.549s] -- Install configuration: ""
[17.549s] -- Execute custom install script
[17.549s] -- Symlinking: /home/xtal/ros2_ws/install/cv_ros_bridge_cpp/lib/cv_ros_bridge_cpp/cv_ros_bridge_cpp
[17.564s] -- Symlinking: /home/xtal/ros2_ws/install/cv_ros_bridge_cpp/share/ament_index/resource_index/package_run_dependencies/cv_ros_bridge_cpp
[17.584s] -- Symlinking: /home/xtal/ros2_ws/install/cv_ros_bridge_cpp/share/ament_index/resource_index/parent_prefix_path/cv_ros_bridge_cpp
[17.599s] -- Symlinking: /home/xtal/ros2_ws/install/cv_ros_bridge_cpp/share/cv_ros_bridge_cpp/environment/ament_prefix_path.sh
[17.617s] -- Symlinking: /home/xtal/ros2_ws/install/cv_ros_bridge_cpp/share/cv_ros_bridge_cpp/environment/ament_prefix_path.dsv
[17.637s] -- Symlinking: /home/xtal/ros2_ws/install/cv_ros_bridge_cpp/share/cv_ros_bridge_cpp/environment/path.sh
[17.661s] -- Symlinking: /home/xtal/ros2_ws/install/cv_ros_bridge_cpp/share/cv_ros_bridge_cpp/environment/path.dsv
[17.675s] -- Symlinking: /home/xtal/ros2_ws/install/cv_ros_bridge_cpp/share/cv_ros_bridge_cpp/local_setup.bash
[17.688s] -- Symlinking: /home/xtal/ros2_ws/install/cv_ros_bridge_cpp/share/cv_ros_bridge_cpp/local_setup.sh
[17.702s] -- Symlinking: /home/xtal/ros2_ws/install/cv_ros_bridge_cpp/share/cv_ros_bridge_cpp/local_setup.zsh
[17.715s] -- Symlinking: /home/xtal/ros2_ws/install/cv_ros_bridge_cpp/share/cv_ros_bridge_cpp/local_setup.dsv
[17.729s] -- Symlinking: /home/xtal/ros2_ws/install/cv_ros_bridge_cpp/share/cv_ros_bridge_cpp/package.dsv
[17.750s] -- Symlinking: /home/xtal/ros2_ws/install/cv_ros_bridge_cpp/share/ament_index/resource_index/packages/cv_ros_bridge_cpp
[17.763s] -- Symlinking: /home/xtal/ros2_ws/install/cv_ros_bridge_cpp/share/cv_ros_bridge_cpp/cmake/cv_ros_bridge_cppConfig.cmake
[17.783s] -- Symlinking: /home/xtal/ros2_ws/install/cv_ros_bridge_cpp/share/cv_ros_bridge_cpp/cmake/cv_ros_bridge_cppConfig-version.cmake
[17.797s] -- Symlinking: /home/xtal/ros2_ws/install/cv_ros_bridge_cpp/share/cv_ros_bridge_cpp/package.xml
[17.808s] Invoked command in '/home/xtal/ros2_ws/build/cv_ros_bridge_cpp' returned '0': CMAKE_PREFIX_PATH=${CMAKE_PREFIX_PATH}:/home/xtal/ros2_ws/install/cv_ros_bridge_python:/opt/ros/jazzy /usr/bin/cmake --install /home/xtal/ros2_ws/build/cv_ros_bridge_cpp
